<!DOCTYPE html>

<html>
  <head>
  <meta charset='utf-8'>
  <title>TestNG reports</title>

    <link type="text/css" href="testng-reports1.css" rel="stylesheet" id="ultra" />
    <link type="text/css" href="testng-reports.css" rel="stylesheet" id="retro" disabled="false"/>
    <script type="text/javascript" src="jquery-3.6.0.min.js"></script>
    <script type="text/javascript" src="testng-reports.js"></script>
    <script type="text/javascript" src="https://www.google.com/jsapi"></script>
    <script type='text/javascript'>
      google.load('visualization', '1', {packages:['table']});
      google.setOnLoadCallback(drawTable);
      var suiteTableInitFunctions = new Array();
      var suiteTableData = new Array();
    </script>
    <!--
      <script type="text/javascript" src="jquery-ui/js/jquery-ui-1.8.16.custom.min.js"></script>
     -->
  </head>

  <body>    <div class="top-banner-root">
      <span class="top-banner-title-font">Test results</span>
      <button id="button" class="button">Switch Retro Theme</button> <!-- button -->
      <br/>
      <span class="top-banner-font-1">1 suite, 2 failed tests</span>
    </div> <!-- top-banner-root -->
    <div class="navigator-root">
      <div class="navigator-suite-header">
        <span>All suites</span>
        <a href="#" title="Collapse/expand all the suites" class="collapse-all-link">
          <img src="collapseall.gif" class="collapse-all-icon">
          </img> <!-- collapse-all-icon -->
        </a> <!-- collapse-all-link -->
      </div> <!-- navigator-suite-header -->
      <div class="suite">
        <div class="rounded-window">
          <div class="suite-header light-rounded-window-top">
            <a href="#" panel-name="suite-All_Test_Suite" class="navigator-link">
              <span class="suite-name border-failed">All Test Suite</span>
            </a> <!-- navigator-link -->
          </div> <!-- suite-header light-rounded-window-top -->
          <div class="navigator-suite-content">
            <div class="suite-section-title">
              <span>Info</span>
            </div> <!-- suite-section-title -->
            <div class="suite-section-content">
              <ul>
                <li>
                  <a href="#" panel-name="test-xml-All_Test_Suite" class="navigator-link ">
                    <span>C:\Digiboxx.Appium\Sanity_Suite.xml</span>
                  </a> <!-- navigator-link  -->
                </li>
                <li>
                  <a href="#" panel-name="testlist-All_Test_Suite" class="navigator-link ">
                    <span class="test-stats">1 test</span>
                  </a> <!-- navigator-link  -->
                </li>
                <li>
                  <a href="#" panel-name="group-All_Test_Suite" class="navigator-link ">
                    <span>0 groups</span>
                  </a> <!-- navigator-link  -->
                </li>
                <li>
                  <a href="#" panel-name="times-All_Test_Suite" class="navigator-link ">
                    <span>Times</span>
                  </a> <!-- navigator-link  -->
                </li>
                <li>
                  <a href="#" panel-name="reporter-All_Test_Suite" class="navigator-link ">
                    <span>Reporter output</span>
                  </a> <!-- navigator-link  -->
                </li>
                <li>
                  <a href="#" panel-name="ignored-methods-All_Test_Suite" class="navigator-link ">
                    <span>Ignored methods</span>
                  </a> <!-- navigator-link  -->
                </li>
                <li>
                  <a href="#" panel-name="chronological-All_Test_Suite" class="navigator-link ">
                    <span>Chronological view</span>
                  </a> <!-- navigator-link  -->
                </li>
              </ul>
            </div> <!-- suite-section-content -->
            <div class="result-section">
              <div class="suite-section-title">
                <span>Results</span>
              </div> <!-- suite-section-title -->
              <div class="suite-section-content">
                <ul>
                  <li>
                    <span class="method-stats">20 methods, 2 failed,  4 skipped,  14 passed</span>
                  </li>
                  <li>
                    <span class="method-list-title failed">Failed methods</span>
                    <span class="show-or-hide-methods failed">
                      <a href="#" panel-name="suite-All_Test_Suite" class="hide-methods failed suite-All_Test_Suite"> (hide)</a> <!-- hide-methods failed suite-All_Test_Suite -->
                      <a href="#" panel-name="suite-All_Test_Suite" class="show-methods failed suite-All_Test_Suite"> (show)</a> <!-- show-methods failed suite-All_Test_Suite -->
                    </span>
                    <div class="method-list-content failed suite-All_Test_Suite">
                      <span>
                        <img src="failed.png" width="3%"/>
                        <a href="#" panel-name="suite-All_Test_Suite" title="com.Tests.ChangeColorOfFolderTest" class="method navigator-link" hash-for-method="step04_change_color_of_folder">step04_change_color_of_folder</a> <!-- method navigator-link -->
                      </span>
                      <br/>
                      <span>
                        <img src="failed.png" width="3%"/>
                        <a href="#" panel-name="suite-All_Test_Suite" title="com.Tests.CreateFolderTest" class="method navigator-link" hash-for-method="step05_delete_from_checkbox_selection">step05_delete_from_checkbox_selection</a> <!-- method navigator-link -->
                      </span>
                      <br/>
                    </div> <!-- method-list-content failed suite-All_Test_Suite -->
                  </li>
                  <li>
                    <span class="method-list-title skipped">Skipped methods</span>
                    <span class="show-or-hide-methods skipped">
                      <a href="#" panel-name="suite-All_Test_Suite" class="hide-methods skipped suite-All_Test_Suite"> (hide)</a> <!-- hide-methods skipped suite-All_Test_Suite -->
                      <a href="#" panel-name="suite-All_Test_Suite" class="show-methods skipped suite-All_Test_Suite"> (show)</a> <!-- show-methods skipped suite-All_Test_Suite -->
                    </span>
                    <div class="method-list-content skipped suite-All_Test_Suite">
                      <span>
                        <img src="skipped.png" width="3%"/>
                        <a href="#" panel-name="suite-All_Test_Suite" title="com.Tests.UploadSingleVideoTest" class="method navigator-link" hash-for-method="step01_LaunchApplication_and_skip_presentation">step01_LaunchApplication_and_skip_presentation</a> <!-- method navigator-link -->
                      </span>
                      <br/>
                      <span>
                        <img src="skipped.png" width="3%"/>
                        <a href="#" panel-name="suite-All_Test_Suite" title="com.Tests.UploadSingleVideoTest" class="method navigator-link" hash-for-method="step02_Click_Continue">step02_Click_Continue</a> <!-- method navigator-link -->
                      </span>
                      <br/>
                      <span>
                        <img src="skipped.png" width="3%"/>
                        <a href="#" panel-name="suite-All_Test_Suite" title="com.Tests.UploadSingleVideoTest" class="method navigator-link" hash-for-method="step03_enter_your_credentials">step03_enter_your_credentials</a> <!-- method navigator-link -->
                      </span>
                      <br/>
                      <span>
                        <img src="skipped.png" width="3%"/>
                        <a href="#" panel-name="suite-All_Test_Suite" title="com.Tests.UploadSingleVideoTest" class="method navigator-link" hash-for-method="step04_uploadingSingleVideo">step04_uploadingSingleVideo</a> <!-- method navigator-link -->
                      </span>
                      <br/>
                    </div> <!-- method-list-content skipped suite-All_Test_Suite -->
                  </li>
                  <li>
                    <span class="method-list-title passed">Passed methods</span>
                    <span class="show-or-hide-methods passed">
                      <a href="#" panel-name="suite-All_Test_Suite" class="hide-methods passed suite-All_Test_Suite"> (hide)</a> <!-- hide-methods passed suite-All_Test_Suite -->
                      <a href="#" panel-name="suite-All_Test_Suite" class="show-methods passed suite-All_Test_Suite"> (show)</a> <!-- show-methods passed suite-All_Test_Suite -->
                    </span>
                    <div class="method-list-content passed suite-All_Test_Suite">
                      <span>
                        <img src="passed.png" width="3%"/>
                        <a href="#" panel-name="suite-All_Test_Suite" title="com.Tests.UploadSingleImageTest" class="method navigator-link" hash-for-method="step01_LaunchApplication_and_skip_presentation">step01_LaunchApplication_and_skip_presentation</a> <!-- method navigator-link -->
                      </span>
                      <br/>
                      <span>
                        <img src="passed.png" width="3%"/>
                        <a href="#" panel-name="suite-All_Test_Suite" title="com.Tests.CreateFolderTest" class="method navigator-link" hash-for-method="step01_LaunchApplication_and_skip_presentation">step01_LaunchApplication_and_skip_presentation</a> <!-- method navigator-link -->
                      </span>
                      <br/>
                      <span>
                        <img src="passed.png" width="3%"/>
                        <a href="#" panel-name="suite-All_Test_Suite" title="com.Tests.LoginPageTest" class="method navigator-link" hash-for-method="step01_LaunchApplication_and_skip_presentation">step01_LaunchApplication_and_skip_presentation</a> <!-- method navigator-link -->
                      </span>
                      <br/>
                      <span>
                        <img src="passed.png" width="3%"/>
                        <a href="#" panel-name="suite-All_Test_Suite" title="com.Tests.ChangeColorOfFolderTest" class="method navigator-link" hash-for-method="step01_LaunchApplication_and_skip_presentation">step01_LaunchApplication_and_skip_presentation</a> <!-- method navigator-link -->
                      </span>
                      <br/>
                      <span>
                        <img src="passed.png" width="3%"/>
                        <a href="#" panel-name="suite-All_Test_Suite" title="com.Tests.ChangeColorOfFolderTest" class="method navigator-link" hash-for-method="step02_Click_Continue">step02_Click_Continue</a> <!-- method navigator-link -->
                      </span>
                      <br/>
                      <span>
                        <img src="passed.png" width="3%"/>
                        <a href="#" panel-name="suite-All_Test_Suite" title="com.Tests.UploadSingleImageTest" class="method navigator-link" hash-for-method="step02_Click_Continue">step02_Click_Continue</a> <!-- method navigator-link -->
                      </span>
                      <br/>
                      <span>
                        <img src="passed.png" width="3%"/>
                        <a href="#" panel-name="suite-All_Test_Suite" title="com.Tests.LoginPageTest" class="method navigator-link" hash-for-method="step02_Click_Continue">step02_Click_Continue</a> <!-- method navigator-link -->
                      </span>
                      <br/>
                      <span>
                        <img src="passed.png" width="3%"/>
                        <a href="#" panel-name="suite-All_Test_Suite" title="com.Tests.CreateFolderTest" class="method navigator-link" hash-for-method="step02_Click_Continue">step02_Click_Continue</a> <!-- method navigator-link -->
                      </span>
                      <br/>
                      <span>
                        <img src="passed.png" width="3%"/>
                        <a href="#" panel-name="suite-All_Test_Suite" title="com.Tests.CreateFolderTest" class="method navigator-link" hash-for-method="step03_enter_your_credentials">step03_enter_your_credentials</a> <!-- method navigator-link -->
                      </span>
                      <br/>
                      <span>
                        <img src="passed.png" width="3%"/>
                        <a href="#" panel-name="suite-All_Test_Suite" title="com.Tests.ChangeColorOfFolderTest" class="method navigator-link" hash-for-method="step03_enter_your_credentials">step03_enter_your_credentials</a> <!-- method navigator-link -->
                      </span>
                      <br/>
                      <span>
                        <img src="passed.png" width="3%"/>
                        <a href="#" panel-name="suite-All_Test_Suite" title="com.Tests.UploadSingleImageTest" class="method navigator-link" hash-for-method="step03_enter_your_credentials">step03_enter_your_credentials</a> <!-- method navigator-link -->
                      </span>
                      <br/>
                      <span>
                        <img src="passed.png" width="3%"/>
                        <a href="#" panel-name="suite-All_Test_Suite" title="com.Tests.LoginPageTest" class="method navigator-link" hash-for-method="step03_enter_your_credentials">step03_enter_your_credentials</a> <!-- method navigator-link -->
                      </span>
                      <br/>
                      <span>
                        <img src="passed.png" width="3%"/>
                        <a href="#" panel-name="suite-All_Test_Suite" title="com.Tests.CreateFolderTest" class="method navigator-link" hash-for-method="step04_createfolder">step04_createfolder</a> <!-- method navigator-link -->
                      </span>
                      <br/>
                      <span>
                        <img src="passed.png" width="3%"/>
                        <a href="#" panel-name="suite-All_Test_Suite" title="com.Tests.UploadSingleImageTest" class="method navigator-link" hash-for-method="step04_uploadingSingleImage">step04_uploadingSingleImage</a> <!-- method navigator-link -->
                      </span>
                      <br/>
                    </div> <!-- method-list-content passed suite-All_Test_Suite -->
                  </li>
                </ul>
              </div> <!-- suite-section-content -->
            </div> <!-- result-section -->
          </div> <!-- navigator-suite-content -->
        </div> <!-- rounded-window -->
      </div> <!-- suite -->
    </div> <!-- navigator-root -->
    <div class="wrapper">
      <div class="main-panel-root">
        <div panel-name="suite-All_Test_Suite" class="panel All_Test_Suite">
          <div class="suite-All_Test_Suite-class-failed">
            <div class="main-panel-header rounded-window-top">
              <img src="failed.png"/>
              <span class="class-name">com.Tests.ChangeColorOfFolderTest</span>
            </div> <!-- main-panel-header rounded-window-top -->
            <div class="main-panel-content rounded-window-bottom">
              <div class="method">
                <div class="method-content">
                  <a name="step04_change_color_of_folder">
                  </a> <!-- step04_change_color_of_folder -->
                  <span class="method-name">step04_change_color_of_folder</span>
                  <div class="stack-trace">org.openqa.selenium.TimeoutException: Expected condition failed: waiting for presence of element located by: By.xpath: (//android.widget.ImageView[@content-desc=&quot;kabab menu&quot;])[1] (tried for 20 second(s) with 500 milliseconds interval)
	at org.openqa.selenium.support.ui.WebDriverWait.timeoutException(WebDriverWait.java:87)
	at org.openqa.selenium.support.ui.FluentWait.until(FluentWait.java:231)
	at com.PageObjects.GetPage.element(GetPage.java:38)
	at Keywords.ChangeColorOfFolderActions.change_color_of_folder(ChangeColorOfFolderActions.java:16)
	at com.Tests.ChangeColorOfFolderTest.step04_change_color_of_folder(ChangeColorOfFolderTest.java:32)
	at java.base/jdk.internal.reflect.NativeMethodAccessorImpl.invoke0(Native Method)
	at java.base/jdk.internal.reflect.NativeMethodAccessorImpl.invoke(NativeMethodAccessorImpl.java:62)
	at java.base/jdk.internal.reflect.DelegatingMethodAccessorImpl.invoke(DelegatingMethodAccessorImpl.java:43)
	at java.base/java.lang.reflect.Method.invoke(Method.java:566)
	at org.testng.internal.invokers.MethodInvocationHelper.invokeMethod(MethodInvocationHelper.java:139)
	at org.testng.internal.invokers.TestInvoker.invokeMethod(TestInvoker.java:677)
	at org.testng.internal.invokers.TestInvoker.invokeTestMethod(TestInvoker.java:221)
	at org.testng.internal.invokers.MethodRunner.runInSequence(MethodRunner.java:50)
	at org.testng.internal.invokers.TestInvoker$MethodInvocationAgent.invoke(TestInvoker.java:962)
	at org.testng.internal.invokers.TestInvoker.invokeTestMethods(TestInvoker.java:194)
	at org.testng.internal.invokers.TestMethodWorker.invokeTestMethods(TestMethodWorker.java:148)
	at org.testng.internal.invokers.TestMethodWorker.run(TestMethodWorker.java:128)
	at java.base/java.util.ArrayList.forEach(ArrayList.java:1541)
	at org.testng.TestRunner.privateRun(TestRunner.java:806)
	at org.testng.TestRunner.run(TestRunner.java:601)
	at org.testng.SuiteRunner.runTest(SuiteRunner.java:433)
	at org.testng.SuiteRunner.runSequentially(SuiteRunner.java:427)
	at org.testng.SuiteRunner.privateRun(SuiteRunner.java:387)
	at org.testng.SuiteRunner.run(SuiteRunner.java:330)
	at org.testng.SuiteRunnerWorker.runSuite(SuiteRunnerWorker.java:52)
	at org.testng.SuiteRunnerWorker.run(SuiteRunnerWorker.java:95)
	at org.testng.TestNG.runSuitesSequentially(TestNG.java:1256)
	at org.testng.TestNG.runSuitesLocally(TestNG.java:1176)
	at org.testng.TestNG.runSuites(TestNG.java:1099)
	at org.testng.TestNG.run(TestNG.java:1067)
	at com.intellij.rt.testng.IDEARemoteTestNG.run(IDEARemoteTestNG.java:66)
	at com.intellij.rt.testng.RemoteTestNGStarter.main(RemoteTestNGStarter.java:109)
Caused by: org.openqa.selenium.NoSuchElementException: An element could not be located on the page using the given search parameters.
For documentation on this error, please visit: https://selenium.dev/exceptions/#no_such_element
Build info: version: &apos;4.1.4&apos;, revision: &apos;535d840ee2&apos;
System info: host: &apos;DESKTOP-K3UR1P3&apos;, ip: &apos;192.168.96.1&apos;, os.name: &apos;Windows 10&apos;, os.arch: &apos;amd64&apos;, os.version: &apos;10.0&apos;, java.version: &apos;11.0.15&apos;
Driver info: io.appium.java_client.android.AndroidDriver
Command: [5dbc2e51-3145-49b7-8671-bf1c016198ef, findElement {using=xpath, value=(//android.widget.ImageView[@content-desc=&quot;kabab menu&quot;])[1]}]
Capabilities {appium:app: C:/Users/S_Home/Downloads/a..., appium:appPackage: com.liqvd.digibox.test, appium:autoGrantPermissions: true, appium:automationName: UiAutomator2, appium:databaseEnabled: false, appium:desired: {app: C:/Users/S_Home/Downloads/a..., autoGrantPermissions: true, automationName: UiAutomator2, noRest: true, platformName: android}, appium:deviceApiLevel: 24, appium:deviceManufacturer: Google, appium:deviceModel: Android SDK built for x86, appium:deviceName: emulator-5554, appium:deviceScreenDensity: 440, appium:deviceScreenSize: 1080x2340, appium:deviceUDID: emulator-5554, appium:javascriptEnabled: true, appium:locationContextEnabled: false, appium:networkConnectionEnabled: true, appium:noRest: true, appium:pixelRatio: 2.75, appium:platformVersion: 7.0, appium:statBarHeight: 66, appium:takesScreenshot: true, appium:viewportRect: {height: 2142, left: 0, top: 66, width: 1080}, appium:warnings: {}, appium:webStorageEnabled: false, platformName: android}
Session ID: 5dbc2e51-3145-49b7-8671-bf1c016198ef
	at jdk.internal.reflect.GeneratedConstructorAccessor9.newInstance(Unknown Source)
	at java.base/jdk.internal.reflect.DelegatingConstructorAccessorImpl.newInstance(DelegatingConstructorAccessorImpl.java:45)
	at java.base/java.lang.reflect.Constructor.newInstance(Constructor.java:490)
	at org.openqa.selenium.remote.codec.w3c.W3CHttpResponseCodec.createException(W3CHttpResponseCodec.java:200)
	at org.openqa.selenium.remote.codec.w3c.W3CHttpResponseCodec.decode(W3CHttpResponseCodec.java:133)
	at org.openqa.selenium.remote.codec.w3c.W3CHttpResponseCodec.decode(W3CHttpResponseCodec.java:53)
	at org.openqa.selenium.remote.HttpCommandExecutor.execute(HttpCommandExecutor.java:184)
	at io.appium.java_client.remote.AppiumCommandExecutor.execute(AppiumCommandExecutor.java:180)
	at org.openqa.selenium.remote.RemoteWebDriver.execute(RemoteWebDriver.java:567)
	at org.openqa.selenium.remote.ElementLocation$ElementFinder$2.findElement(ElementLocation.java:162)
	at org.openqa.selenium.remote.ElementLocation.findElement(ElementLocation.java:60)
	at org.openqa.selenium.remote.RemoteWebDriver.findElement(RemoteWebDriver.java:385)
	at org.openqa.selenium.remote.RemoteWebDriver.findElement(RemoteWebDriver.java:377)
	at org.openqa.selenium.support.ui.ExpectedConditions$6.apply(ExpectedConditions.java:174)
	at org.openqa.selenium.support.ui.ExpectedConditions$6.apply(ExpectedConditions.java:171)
	at org.openqa.selenium.support.ui.FluentWait.until(FluentWait.java:208)
	... 30 more

</div> <!-- stack-trace -->
                </div> <!-- method-content -->
              </div> <!-- method -->
            </div> <!-- main-panel-content rounded-window-bottom -->
          </div> <!-- suite-All_Test_Suite-class-failed -->
          <div class="suite-All_Test_Suite-class-failed">
            <div class="main-panel-header rounded-window-top">
              <img src="failed.png"/>
              <span class="class-name">com.Tests.CreateFolderTest</span>
            </div> <!-- main-panel-header rounded-window-top -->
            <div class="main-panel-content rounded-window-bottom">
              <div class="method">
                <div class="method-content">
                  <a name="step05_delete_from_checkbox_selection">
                  </a> <!-- step05_delete_from_checkbox_selection -->
                  <span class="method-name">step05_delete_from_checkbox_selection</span>
                  <div class="stack-trace">org.openqa.selenium.TimeoutException: Expected condition failed: waiting for presence of element located by: By.id: com.liqvd.digibox.test:id/home (tried for 20 second(s) with 500 milliseconds interval)
	at org.openqa.selenium.support.ui.WebDriverWait.timeoutException(WebDriverWait.java:87)
	at org.openqa.selenium.support.ui.FluentWait.until(FluentWait.java:231)
	at com.PageObjects.GetPage.element(GetPage.java:38)
	at Keywords.DeleteFromCheckboxSelectionActions.delete_from_checkbox_selection(DeleteFromCheckboxSelectionActions.java:12)
	at com.Tests.CreateFolderTest.step05_delete_from_checkbox_selection(CreateFolderTest.java:38)
	at java.base/jdk.internal.reflect.NativeMethodAccessorImpl.invoke0(Native Method)
	at java.base/jdk.internal.reflect.NativeMethodAccessorImpl.invoke(NativeMethodAccessorImpl.java:62)
	at java.base/jdk.internal.reflect.DelegatingMethodAccessorImpl.invoke(DelegatingMethodAccessorImpl.java:43)
	at java.base/java.lang.reflect.Method.invoke(Method.java:566)
	at org.testng.internal.invokers.MethodInvocationHelper.invokeMethod(MethodInvocationHelper.java:139)
	at org.testng.internal.invokers.TestInvoker.invokeMethod(TestInvoker.java:677)
	at org.testng.internal.invokers.TestInvoker.invokeTestMethod(TestInvoker.java:221)
	at org.testng.internal.invokers.MethodRunner.runInSequence(MethodRunner.java:50)
	at org.testng.internal.invokers.TestInvoker$MethodInvocationAgent.invoke(TestInvoker.java:962)
	at org.testng.internal.invokers.TestInvoker.invokeTestMethods(TestInvoker.java:194)
	at org.testng.internal.invokers.TestMethodWorker.invokeTestMethods(TestMethodWorker.java:148)
	at org.testng.internal.invokers.TestMethodWorker.run(TestMethodWorker.java:128)
	at java.base/java.util.ArrayList.forEach(ArrayList.java:1541)
	at org.testng.TestRunner.privateRun(TestRunner.java:806)
	at org.testng.TestRunner.run(TestRunner.java:601)
	at org.testng.SuiteRunner.runTest(SuiteRunner.java:433)
	at org.testng.SuiteRunner.runSequentially(SuiteRunner.java:427)
	at org.testng.SuiteRunner.privateRun(SuiteRunner.java:387)
	at org.testng.SuiteRunner.run(SuiteRunner.java:330)
	at org.testng.SuiteRunnerWorker.runSuite(SuiteRunnerWorker.java:52)
	at org.testng.SuiteRunnerWorker.run(SuiteRunnerWorker.java:95)
	at org.testng.TestNG.runSuitesSequentially(TestNG.java:1256)
	at org.testng.TestNG.runSuitesLocally(TestNG.java:1176)
	at org.testng.TestNG.runSuites(TestNG.java:1099)
	at org.testng.TestNG.run(TestNG.java:1067)
	at com.intellij.rt.testng.IDEARemoteTestNG.run(IDEARemoteTestNG.java:66)
	at com.intellij.rt.testng.RemoteTestNGStarter.main(RemoteTestNGStarter.java:109)
Caused by: org.openqa.selenium.NoSuchElementException: An element could not be located on the page using the given search parameters.
For documentation on this error, please visit: https://selenium.dev/exceptions/#no_such_element
Build info: version: &apos;4.1.4&apos;, revision: &apos;535d840ee2&apos;
System info: host: &apos;DESKTOP-K3UR1P3&apos;, ip: &apos;192.168.96.1&apos;, os.name: &apos;Windows 10&apos;, os.arch: &apos;amd64&apos;, os.version: &apos;10.0&apos;, java.version: &apos;11.0.15&apos;
Driver info: io.appium.java_client.android.AndroidDriver
Command: [c528d79e-9828-47aa-a9e6-d0a7f459ded0, findElement {using=id, value=com.liqvd.digibox.test:id/home}]
Capabilities {appium:app: C:/Users/S_Home/Downloads/a..., appium:appPackage: com.liqvd.digibox.test, appium:autoGrantPermissions: true, appium:automationName: UiAutomator2, appium:databaseEnabled: false, appium:desired: {app: C:/Users/S_Home/Downloads/a..., autoGrantPermissions: true, automationName: UiAutomator2, noRest: true, platformName: android}, appium:deviceApiLevel: 24, appium:deviceManufacturer: Google, appium:deviceModel: Android SDK built for x86, appium:deviceName: emulator-5554, appium:deviceScreenDensity: 440, appium:deviceScreenSize: 1080x2340, appium:deviceUDID: emulator-5554, appium:javascriptEnabled: true, appium:locationContextEnabled: false, appium:networkConnectionEnabled: true, appium:noRest: true, appium:pixelRatio: 2.75, appium:platformVersion: 7.0, appium:statBarHeight: 66, appium:takesScreenshot: true, appium:viewportRect: {height: 2142, left: 0, top: 66, width: 1080}, appium:warnings: {}, appium:webStorageEnabled: false, platformName: android}
Session ID: c528d79e-9828-47aa-a9e6-d0a7f459ded0
	at jdk.internal.reflect.GeneratedConstructorAccessor9.newInstance(Unknown Source)
	at java.base/jdk.internal.reflect.DelegatingConstructorAccessorImpl.newInstance(DelegatingConstructorAccessorImpl.java:45)
	at java.base/java.lang.reflect.Constructor.newInstance(Constructor.java:490)
	at org.openqa.selenium.remote.codec.w3c.W3CHttpResponseCodec.createException(W3CHttpResponseCodec.java:200)
	at org.openqa.selenium.remote.codec.w3c.W3CHttpResponseCodec.decode(W3CHttpResponseCodec.java:133)
	at org.openqa.selenium.remote.codec.w3c.W3CHttpResponseCodec.decode(W3CHttpResponseCodec.java:53)
	at org.openqa.selenium.remote.HttpCommandExecutor.execute(HttpCommandExecutor.java:184)
	at io.appium.java_client.remote.AppiumCommandExecutor.execute(AppiumCommandExecutor.java:180)
	at org.openqa.selenium.remote.RemoteWebDriver.execute(RemoteWebDriver.java:567)
	at org.openqa.selenium.remote.ElementLocation$ElementFinder$2.findElement(ElementLocation.java:162)
	at org.openqa.selenium.remote.ElementLocation.findElement(ElementLocation.java:60)
	at org.openqa.selenium.remote.RemoteWebDriver.findElement(RemoteWebDriver.java:385)
	at org.openqa.selenium.remote.RemoteWebDriver.findElement(RemoteWebDriver.java:377)
	at org.openqa.selenium.support.ui.ExpectedConditions$6.apply(ExpectedConditions.java:174)
	at org.openqa.selenium.support.ui.ExpectedConditions$6.apply(ExpectedConditions.java:171)
	at org.openqa.selenium.support.ui.FluentWait.until(FluentWait.java:208)
	... 30 more

</div> <!-- stack-trace -->
                </div> <!-- method-content -->
              </div> <!-- method -->
            </div> <!-- main-panel-content rounded-window-bottom -->
          </div> <!-- suite-All_Test_Suite-class-failed -->
          <div class="suite-All_Test_Suite-class-skipped">
            <div class="main-panel-header rounded-window-top">
              <img src="skipped.png"/>
              <span class="class-name">com.Tests.UploadSingleVideoTest</span>
            </div> <!-- main-panel-header rounded-window-top -->
            <div class="main-panel-content rounded-window-bottom">
              <div class="method">
                <div class="method-content">
                  <a name="step01_LaunchApplication_and_skip_presentation">
                  </a> <!-- step01_LaunchApplication_and_skip_presentation -->
                  <span class="method-name">step01_LaunchApplication_and_skip_presentation</span>
                  <div class="stack-trace">java.lang.NullPointerException
	at com.Tests.UploadSingleVideoTest.startsession(UploadSingleVideoTest.java:13)
	at java.base/jdk.internal.reflect.NativeMethodAccessorImpl.invoke0(Native Method)
	at java.base/jdk.internal.reflect.NativeMethodAccessorImpl.invoke(NativeMethodAccessorImpl.java:62)
	at java.base/jdk.internal.reflect.DelegatingMethodAccessorImpl.invoke(DelegatingMethodAccessorImpl.java:43)
	at java.base/java.lang.reflect.Method.invoke(Method.java:566)
	at org.testng.internal.invokers.MethodInvocationHelper.invokeMethod(MethodInvocationHelper.java:139)
	at org.testng.internal.invokers.MethodInvocationHelper.invokeMethodConsideringTimeout(MethodInvocationHelper.java:69)
	at org.testng.internal.invokers.ConfigInvoker.invokeConfigurationMethod(ConfigInvoker.java:361)
	at org.testng.internal.invokers.ConfigInvoker.invokeConfigurations(ConfigInvoker.java:296)
	at org.testng.internal.invokers.TestMethodWorker.invokeBeforeClassMethods(TestMethodWorker.java:180)
	at org.testng.internal.invokers.TestMethodWorker.run(TestMethodWorker.java:122)
	at java.base/java.util.ArrayList.forEach(ArrayList.java:1541)
	at org.testng.TestRunner.privateRun(TestRunner.java:806)
	at org.testng.TestRunner.run(TestRunner.java:601)
	at org.testng.SuiteRunner.runTest(SuiteRunner.java:433)
	at org.testng.SuiteRunner.runSequentially(SuiteRunner.java:427)
	at org.testng.SuiteRunner.privateRun(SuiteRunner.java:387)
	at org.testng.SuiteRunner.run(SuiteRunner.java:330)
	at org.testng.SuiteRunnerWorker.runSuite(SuiteRunnerWorker.java:52)
	at org.testng.SuiteRunnerWorker.run(SuiteRunnerWorker.java:95)
	at org.testng.TestNG.runSuitesSequentially(TestNG.java:1256)
	at org.testng.TestNG.runSuitesLocally(TestNG.java:1176)
	at org.testng.TestNG.runSuites(TestNG.java:1099)
	at org.testng.TestNG.run(TestNG.java:1067)
	at com.intellij.rt.testng.IDEARemoteTestNG.run(IDEARemoteTestNG.java:66)
	at com.intellij.rt.testng.RemoteTestNGStarter.main(RemoteTestNGStarter.java:109)

</div> <!-- stack-trace -->
                </div> <!-- method-content -->
              </div> <!-- method -->
              <div class="method">
                <div class="method-content">
                  <a name="step02_Click_Continue">
                  </a> <!-- step02_Click_Continue -->
                  <span class="method-name">step02_Click_Continue</span>
                  <div class="stack-trace">java.lang.Throwable: Method com.Tests.UploadSingleVideoTest.step02_Click_Continue() on instance com.Tests.UploadSingleVideoTest@2accdbb5 depends on not successfully finished methods 
[com.Tests.UploadSingleVideoTest.step01_LaunchApplication_and_skip_presentation() on instance com.Tests.UploadSingleVideoTest@2accdbb5]
	at org.testng.internal.invokers.TestInvoker.invokeTestMethods(TestInvoker.java:150)
	at org.testng.internal.invokers.TestMethodWorker.invokeTestMethods(TestMethodWorker.java:148)
	at org.testng.internal.invokers.TestMethodWorker.run(TestMethodWorker.java:128)
	at java.base/java.util.ArrayList.forEach(ArrayList.java:1541)
	at org.testng.TestRunner.privateRun(TestRunner.java:806)
	at org.testng.TestRunner.run(TestRunner.java:601)
	at org.testng.SuiteRunner.runTest(SuiteRunner.java:433)
	at org.testng.SuiteRunner.runSequentially(SuiteRunner.java:427)
	at org.testng.SuiteRunner.privateRun(SuiteRunner.java:387)
	at org.testng.SuiteRunner.run(SuiteRunner.java:330)
	at org.testng.SuiteRunnerWorker.runSuite(SuiteRunnerWorker.java:52)
	at org.testng.SuiteRunnerWorker.run(SuiteRunnerWorker.java:95)
	at org.testng.TestNG.runSuitesSequentially(TestNG.java:1256)
	at org.testng.TestNG.runSuitesLocally(TestNG.java:1176)
	at org.testng.TestNG.runSuites(TestNG.java:1099)
	at org.testng.TestNG.run(TestNG.java:1067)
	at com.intellij.rt.testng.IDEARemoteTestNG.run(IDEARemoteTestNG.java:66)
	at com.intellij.rt.testng.RemoteTestNGStarter.main(RemoteTestNGStarter.java:109)

</div> <!-- stack-trace -->
                </div> <!-- method-content -->
              </div> <!-- method -->
              <div class="method">
                <div class="method-content">
                  <a name="step03_enter_your_credentials">
                  </a> <!-- step03_enter_your_credentials -->
                  <span class="method-name">step03_enter_your_credentials</span>
                  <div class="stack-trace">java.lang.Throwable: Method com.Tests.UploadSingleVideoTest.step03_enter_your_credentials() on instance com.Tests.UploadSingleVideoTest@2accdbb5 depends on not successfully finished methods 
[com.Tests.UploadSingleVideoTest.step02_Click_Continue() on instance com.Tests.UploadSingleVideoTest@2accdbb5]
	at org.testng.internal.invokers.TestInvoker.invokeTestMethods(TestInvoker.java:150)
	at org.testng.internal.invokers.TestMethodWorker.invokeTestMethods(TestMethodWorker.java:148)
	at org.testng.internal.invokers.TestMethodWorker.run(TestMethodWorker.java:128)
	at java.base/java.util.ArrayList.forEach(ArrayList.java:1541)
	at org.testng.TestRunner.privateRun(TestRunner.java:806)
	at org.testng.TestRunner.run(TestRunner.java:601)
	at org.testng.SuiteRunner.runTest(SuiteRunner.java:433)
	at org.testng.SuiteRunner.runSequentially(SuiteRunner.java:427)
	at org.testng.SuiteRunner.privateRun(SuiteRunner.java:387)
	at org.testng.SuiteRunner.run(SuiteRunner.java:330)
	at org.testng.SuiteRunnerWorker.runSuite(SuiteRunnerWorker.java:52)
	at org.testng.SuiteRunnerWorker.run(SuiteRunnerWorker.java:95)
	at org.testng.TestNG.runSuitesSequentially(TestNG.java:1256)
	at org.testng.TestNG.runSuitesLocally(TestNG.java:1176)
	at org.testng.TestNG.runSuites(TestNG.java:1099)
	at org.testng.TestNG.run(TestNG.java:1067)
	at com.intellij.rt.testng.IDEARemoteTestNG.run(IDEARemoteTestNG.java:66)
	at com.intellij.rt.testng.RemoteTestNGStarter.main(RemoteTestNGStarter.java:109)

</div> <!-- stack-trace -->
                </div> <!-- method-content -->
              </div> <!-- method -->
              <div class="method">
                <div class="method-content">
                  <a name="step04_uploadingSingleVideo">
                  </a> <!-- step04_uploadingSingleVideo -->
                  <span class="method-name">step04_uploadingSingleVideo</span>
                  <div class="stack-trace">java.lang.Throwable: Method com.Tests.UploadSingleVideoTest.step04_uploadingSingleVideo() on instance com.Tests.UploadSingleVideoTest@2accdbb5 depends on not successfully finished methods 
[com.Tests.UploadSingleVideoTest.step03_enter_your_credentials() on instance com.Tests.UploadSingleVideoTest@2accdbb5]
	at org.testng.internal.invokers.TestInvoker.invokeTestMethods(TestInvoker.java:150)
	at org.testng.internal.invokers.TestMethodWorker.invokeTestMethods(TestMethodWorker.java:148)
	at org.testng.internal.invokers.TestMethodWorker.run(TestMethodWorker.java:128)
	at java.base/java.util.ArrayList.forEach(ArrayList.java:1541)
	at org.testng.TestRunner.privateRun(TestRunner.java:806)
	at org.testng.TestRunner.run(TestRunner.java:601)
	at org.testng.SuiteRunner.runTest(SuiteRunner.java:433)
	at org.testng.SuiteRunner.runSequentially(SuiteRunner.java:427)
	at org.testng.SuiteRunner.privateRun(SuiteRunner.java:387)
	at org.testng.SuiteRunner.run(SuiteRunner.java:330)
	at org.testng.SuiteRunnerWorker.runSuite(SuiteRunnerWorker.java:52)
	at org.testng.SuiteRunnerWorker.run(SuiteRunnerWorker.java:95)
	at org.testng.TestNG.runSuitesSequentially(TestNG.java:1256)
	at org.testng.TestNG.runSuitesLocally(TestNG.java:1176)
	at org.testng.TestNG.runSuites(TestNG.java:1099)
	at org.testng.TestNG.run(TestNG.java:1067)
	at com.intellij.rt.testng.IDEARemoteTestNG.run(IDEARemoteTestNG.java:66)
	at com.intellij.rt.testng.RemoteTestNGStarter.main(RemoteTestNGStarter.java:109)

</div> <!-- stack-trace -->
                </div> <!-- method-content -->
              </div> <!-- method -->
            </div> <!-- main-panel-content rounded-window-bottom -->
          </div> <!-- suite-All_Test_Suite-class-skipped -->
          <div class="suite-All_Test_Suite-class-passed">
            <div class="main-panel-header rounded-window-top">
              <img src="passed.png"/>
              <span class="class-name">com.Tests.LoginPageTest</span>
            </div> <!-- main-panel-header rounded-window-top -->
            <div class="main-panel-content rounded-window-bottom">
              <div class="method">
                <div class="method-content">
                  <a name="step01_LaunchApplication_and_skip_presentation">
                  </a> <!-- step01_LaunchApplication_and_skip_presentation -->
                  <span class="method-name">step01_LaunchApplication_and_skip_presentation</span>
                </div> <!-- method-content -->
              </div> <!-- method -->
              <div class="method">
                <div class="method-content">
                  <a name="step02_Click_Continue">
                  </a> <!-- step02_Click_Continue -->
                  <span class="method-name">step02_Click_Continue</span>
                </div> <!-- method-content -->
              </div> <!-- method -->
              <div class="method">
                <div class="method-content">
                  <a name="step03_enter_your_credentials">
                  </a> <!-- step03_enter_your_credentials -->
                  <span class="method-name">step03_enter_your_credentials</span>
                </div> <!-- method-content -->
              </div> <!-- method -->
            </div> <!-- main-panel-content rounded-window-bottom -->
          </div> <!-- suite-All_Test_Suite-class-passed -->
          <div class="suite-All_Test_Suite-class-passed">
            <div class="main-panel-header rounded-window-top">
              <img src="passed.png"/>
              <span class="class-name">com.Tests.ChangeColorOfFolderTest</span>
            </div> <!-- main-panel-header rounded-window-top -->
            <div class="main-panel-content rounded-window-bottom">
              <div class="method">
                <div class="method-content">
                  <a name="step01_LaunchApplication_and_skip_presentation">
                  </a> <!-- step01_LaunchApplication_and_skip_presentation -->
                  <span class="method-name">step01_LaunchApplication_and_skip_presentation</span>
                </div> <!-- method-content -->
              </div> <!-- method -->
              <div class="method">
                <div class="method-content">
                  <a name="step02_Click_Continue">
                  </a> <!-- step02_Click_Continue -->
                  <span class="method-name">step02_Click_Continue</span>
                </div> <!-- method-content -->
              </div> <!-- method -->
              <div class="method">
                <div class="method-content">
                  <a name="step03_enter_your_credentials">
                  </a> <!-- step03_enter_your_credentials -->
                  <span class="method-name">step03_enter_your_credentials</span>
                </div> <!-- method-content -->
              </div> <!-- method -->
            </div> <!-- main-panel-content rounded-window-bottom -->
          </div> <!-- suite-All_Test_Suite-class-passed -->
          <div class="suite-All_Test_Suite-class-passed">
            <div class="main-panel-header rounded-window-top">
              <img src="passed.png"/>
              <span class="class-name">com.Tests.UploadSingleImageTest</span>
            </div> <!-- main-panel-header rounded-window-top -->
            <div class="main-panel-content rounded-window-bottom">
              <div class="method">
                <div class="method-content">
                  <a name="step01_LaunchApplication_and_skip_presentation">
                  </a> <!-- step01_LaunchApplication_and_skip_presentation -->
                  <span class="method-name">step01_LaunchApplication_and_skip_presentation</span>
                </div> <!-- method-content -->
              </div> <!-- method -->
              <div class="method">
                <div class="method-content">
                  <a name="step02_Click_Continue">
                  </a> <!-- step02_Click_Continue -->
                  <span class="method-name">step02_Click_Continue</span>
                </div> <!-- method-content -->
              </div> <!-- method -->
              <div class="method">
                <div class="method-content">
                  <a name="step03_enter_your_credentials">
                  </a> <!-- step03_enter_your_credentials -->
                  <span class="method-name">step03_enter_your_credentials</span>
                </div> <!-- method-content -->
              </div> <!-- method -->
              <div class="method">
                <div class="method-content">
                  <a name="step04_uploadingSingleImage">
                  </a> <!-- step04_uploadingSingleImage -->
                  <span class="method-name">step04_uploadingSingleImage</span>
                </div> <!-- method-content -->
              </div> <!-- method -->
            </div> <!-- main-panel-content rounded-window-bottom -->
          </div> <!-- suite-All_Test_Suite-class-passed -->
          <div class="suite-All_Test_Suite-class-passed">
            <div class="main-panel-header rounded-window-top">
              <img src="passed.png"/>
              <span class="class-name">com.Tests.CreateFolderTest</span>
            </div> <!-- main-panel-header rounded-window-top -->
            <div class="main-panel-content rounded-window-bottom">
              <div class="method">
                <div class="method-content">
                  <a name="step01_LaunchApplication_and_skip_presentation">
                  </a> <!-- step01_LaunchApplication_and_skip_presentation -->
                  <span class="method-name">step01_LaunchApplication_and_skip_presentation</span>
                </div> <!-- method-content -->
              </div> <!-- method -->
              <div class="method">
                <div class="method-content">
                  <a name="step02_Click_Continue">
                  </a> <!-- step02_Click_Continue -->
                  <span class="method-name">step02_Click_Continue</span>
                </div> <!-- method-content -->
              </div> <!-- method -->
              <div class="method">
                <div class="method-content">
                  <a name="step03_enter_your_credentials">
                  </a> <!-- step03_enter_your_credentials -->
                  <span class="method-name">step03_enter_your_credentials</span>
                </div> <!-- method-content -->
              </div> <!-- method -->
              <div class="method">
                <div class="method-content">
                  <a name="step04_createfolder">
                  </a> <!-- step04_createfolder -->
                  <span class="method-name">step04_createfolder</span>
                </div> <!-- method-content -->
              </div> <!-- method -->
            </div> <!-- main-panel-content rounded-window-bottom -->
          </div> <!-- suite-All_Test_Suite-class-passed -->
        </div> <!-- panel All_Test_Suite -->
        <div panel-name="test-xml-All_Test_Suite" class="panel">
          <div class="main-panel-header rounded-window-top">
            <span class="header-content">C:\Digiboxx.Appium\Sanity_Suite.xml</span>
          </div> <!-- main-panel-header rounded-window-top -->
          <div class="main-panel-content rounded-window-bottom">
            <pre>
&lt;?xml version=&quot;1.0&quot; encoding=&quot;UTF-8&quot;?&gt;
&lt;!DOCTYPE suite SYSTEM &quot;https://testng.org/testng-1.0.dtd&quot;&gt;
&lt;suite name=&quot;All Test Suite&quot; guice-stage=&quot;DEVELOPMENT&quot;&gt;
  &lt;test thread-count=&quot;5&quot; name=&quot;C:/Digiboxx.Appium&quot; verbose=&quot;2&quot;&gt;
    &lt;classes&gt;
      &lt;class name=&quot;com.Tests.LoginPageTest&quot;&gt;
        &lt;methods&gt;
          &lt;include name=&quot;step01_LaunchApplication_and_skip_presentation&quot;/&gt;
          &lt;include name=&quot;step02_Click_Continue&quot;/&gt;
          &lt;include name=&quot;step03_enter_your_credentials&quot;/&gt;
        &lt;/methods&gt;
      &lt;/class&gt; &lt;!-- com.Tests.LoginPageTest --&gt;
      &lt;class name=&quot;com.Tests.UploadSingleImageTest&quot;&gt;
        &lt;methods&gt;
          &lt;include name=&quot;step01_LaunchApplication_and_skip_presentation&quot;/&gt;
          &lt;include name=&quot;step02_Click_Continue&quot;/&gt;
          &lt;include name=&quot;step03_enter_your_credentials&quot;/&gt;
          &lt;include name=&quot;step04_uploadingSingleImage&quot;/&gt;
        &lt;/methods&gt;
      &lt;/class&gt; &lt;!-- com.Tests.UploadSingleImageTest --&gt;
      &lt;class name=&quot;com.Tests.UploadSingleVideoTest&quot;&gt;
        &lt;methods&gt;
          &lt;include name=&quot;step01_LaunchApplication_and_skip_presentation&quot;/&gt;
          &lt;include name=&quot;step02_Click_Continue&quot;/&gt;
          &lt;include name=&quot;step03_enter_your_credentials&quot;/&gt;
          &lt;include name=&quot;step04_uploadingSingleVideo&quot;/&gt;
        &lt;/methods&gt;
      &lt;/class&gt; &lt;!-- com.Tests.UploadSingleVideoTest --&gt;
      &lt;class name=&quot;com.Tests.CreateFolderTest&quot;&gt;
        &lt;methods&gt;
          &lt;include name=&quot;step01_LaunchApplication_and_skip_presentation&quot;/&gt;
          &lt;include name=&quot;step02_Click_Continue&quot;/&gt;
          &lt;include name=&quot;step03_enter_your_credentials&quot;/&gt;
          &lt;include name=&quot;step04_createfolder&quot;/&gt;
          &lt;include name=&quot;step05_delete_from_checkbox_selection&quot;/&gt;
        &lt;/methods&gt;
      &lt;/class&gt; &lt;!-- com.Tests.CreateFolderTest --&gt;
      &lt;class name=&quot;com.Tests.ChangeColorOfFolderTest&quot;&gt;
        &lt;methods&gt;
          &lt;include name=&quot;step01_LaunchApplication_and_skip_presentation&quot;/&gt;
          &lt;include name=&quot;step02_Click_Continue&quot;/&gt;
          &lt;include name=&quot;step03_enter_your_credentials&quot;/&gt;
          &lt;include name=&quot;step04_change_color_of_folder&quot;/&gt;
        &lt;/methods&gt;
      &lt;/class&gt; &lt;!-- com.Tests.ChangeColorOfFolderTest --&gt;
    &lt;/classes&gt;
  &lt;/test&gt; &lt;!-- C:/Digiboxx.Appium --&gt;
&lt;/suite&gt; &lt;!-- All Test Suite --&gt;
            </pre>
          </div> <!-- main-panel-content rounded-window-bottom -->
        </div> <!-- panel -->
        <div panel-name="testlist-All_Test_Suite" class="panel">
          <div class="main-panel-header rounded-window-top">
            <span class="header-content">Tests for All Test Suite</span>
          </div> <!-- main-panel-header rounded-window-top -->
          <div class="main-panel-content rounded-window-bottom">
            <ul>
              <li>
                <span class="test-name">C:/Digiboxx.Appium (5 classes)</span>
              </li>
            </ul>
          </div> <!-- main-panel-content rounded-window-bottom -->
        </div> <!-- panel -->
        <div panel-name="group-All_Test_Suite" class="panel">
          <div class="main-panel-header rounded-window-top">
            <span class="header-content">Groups for All Test Suite</span>
          </div> <!-- main-panel-header rounded-window-top -->
          <div class="main-panel-content rounded-window-bottom">
          </div> <!-- main-panel-content rounded-window-bottom -->
        </div> <!-- panel -->
        <div panel-name="times-All_Test_Suite" class="panel">
          <div class="main-panel-header rounded-window-top">
            <span class="header-content">Times for All Test Suite</span>
          </div> <!-- main-panel-header rounded-window-top -->
          <div class="main-panel-content rounded-window-bottom">
            <div class="times-div">
              <script type="text/javascript">
suiteTableInitFunctions.push('tableData_All_Test_Suite');
function tableData_All_Test_Suite() {
var data = new google.visualization.DataTable();
data.addColumn('number', 'Number');
data.addColumn('string', 'Method');
data.addColumn('string', 'Class');
data.addColumn('number', 'Time (ms)');
data.addRows(20);
data.setCell(0, 0, 0)
data.setCell(0, 1, 'step04_change_color_of_folder')
data.setCell(0, 2, 'com.Tests.ChangeColorOfFolderTest')
data.setCell(0, 3, 27827);
data.setCell(1, 0, 1)
data.setCell(1, 1, 'step05_delete_from_checkbox_selection')
data.setCell(1, 2, 'com.Tests.CreateFolderTest')
data.setCell(1, 3, 20271);
data.setCell(2, 0, 2)
data.setCell(2, 1, 'step04_uploadingSingleImage')
data.setCell(2, 2, 'com.Tests.UploadSingleImageTest')
data.setCell(2, 3, 11331);
data.setCell(3, 0, 3)
data.setCell(3, 1, 'step04_createfolder')
data.setCell(3, 2, 'com.Tests.CreateFolderTest')
data.setCell(3, 3, 7306);
data.setCell(4, 0, 4)
data.setCell(4, 1, 'step03_enter_your_credentials')
data.setCell(4, 2, 'com.Tests.LoginPageTest')
data.setCell(4, 3, 3903);
data.setCell(5, 0, 5)
data.setCell(5, 1, 'step03_enter_your_credentials')
data.setCell(5, 2, 'com.Tests.ChangeColorOfFolderTest')
data.setCell(5, 3, 3825);
data.setCell(6, 0, 6)
data.setCell(6, 1, 'step03_enter_your_credentials')
data.setCell(6, 2, 'com.Tests.CreateFolderTest')
data.setCell(6, 3, 3805);
data.setCell(7, 0, 7)
data.setCell(7, 1, 'step03_enter_your_credentials')
data.setCell(7, 2, 'com.Tests.UploadSingleImageTest')
data.setCell(7, 3, 3792);
data.setCell(8, 0, 8)
data.setCell(8, 1, 'step01_LaunchApplication_and_skip_presentation')
data.setCell(8, 2, 'com.Tests.ChangeColorOfFolderTest')
data.setCell(8, 3, 2071);
data.setCell(9, 0, 9)
data.setCell(9, 1, 'step01_LaunchApplication_and_skip_presentation')
data.setCell(9, 2, 'com.Tests.CreateFolderTest')
data.setCell(9, 3, 2058);
data.setCell(10, 0, 10)
data.setCell(10, 1, 'step01_LaunchApplication_and_skip_presentation')
data.setCell(10, 2, 'com.Tests.UploadSingleImageTest')
data.setCell(10, 3, 2057);
data.setCell(11, 0, 11)
data.setCell(11, 1, 'step01_LaunchApplication_and_skip_presentation')
data.setCell(11, 2, 'com.Tests.LoginPageTest')
data.setCell(11, 3, 1836);
data.setCell(12, 0, 12)
data.setCell(12, 1, 'step02_Click_Continue')
data.setCell(12, 2, 'com.Tests.CreateFolderTest')
data.setCell(12, 3, 1437);
data.setCell(13, 0, 13)
data.setCell(13, 1, 'step02_Click_Continue')
data.setCell(13, 2, 'com.Tests.LoginPageTest')
data.setCell(13, 3, 1407);
data.setCell(14, 0, 14)
data.setCell(14, 1, 'step02_Click_Continue')
data.setCell(14, 2, 'com.Tests.ChangeColorOfFolderTest')
data.setCell(14, 3, 1195);
data.setCell(15, 0, 15)
data.setCell(15, 1, 'step02_Click_Continue')
data.setCell(15, 2, 'com.Tests.UploadSingleImageTest')
data.setCell(15, 3, 1170);
data.setCell(16, 0, 16)
data.setCell(16, 1, 'step02_Click_Continue')
data.setCell(16, 2, 'com.Tests.UploadSingleVideoTest')
data.setCell(16, 3, 1);
data.setCell(17, 0, 17)
data.setCell(17, 1, 'step03_enter_your_credentials')
data.setCell(17, 2, 'com.Tests.UploadSingleVideoTest')
data.setCell(17, 3, 0);
data.setCell(18, 0, 18)
data.setCell(18, 1, 'step01_LaunchApplication_and_skip_presentation')
data.setCell(18, 2, 'com.Tests.UploadSingleVideoTest')
data.setCell(18, 3, 0);
data.setCell(19, 0, 19)
data.setCell(19, 1, 'step04_uploadingSingleVideo')
data.setCell(19, 2, 'com.Tests.UploadSingleVideoTest')
data.setCell(19, 3, 0);
window.suiteTableData['All_Test_Suite']= { tableData: data, tableDiv: 'times-div-All_Test_Suite'}
return data;
}
              </script>
              <span class="suite-total-time">Total running time: 1 minutes</span>
              <div id="times-div-All_Test_Suite">
              </div> <!-- times-div-All_Test_Suite -->
            </div> <!-- times-div -->
          </div> <!-- main-panel-content rounded-window-bottom -->
        </div> <!-- panel -->
        <div panel-name="reporter-All_Test_Suite" class="panel">
          <div class="main-panel-header rounded-window-top">
            <span class="header-content">Reporter output for All Test Suite</span>
          </div> <!-- main-panel-header rounded-window-top -->
          <div class="main-panel-content rounded-window-bottom">
          </div> <!-- main-panel-content rounded-window-bottom -->
        </div> <!-- panel -->
        <div panel-name="ignored-methods-All_Test_Suite" class="panel">
          <div class="main-panel-header rounded-window-top">
            <span class="header-content">2 ignored methods</span>
          </div> <!-- main-panel-header rounded-window-top -->
          <div class="main-panel-content rounded-window-bottom">
            <div class="ignored-class-div">
              <span class="ignored-class-name">com.Tests.UploadSingleVideoTest</span>
              <div class="ignored-methods-div">
                <span class="ignored-method-name">ExtentInitiator</span>
                <br/>
                <span class="ignored-method-name">teardown</span>
                <br/>
              </div> <!-- ignored-methods-div -->
            </div> <!-- ignored-class-div -->
          </div> <!-- main-panel-content rounded-window-bottom -->
        </div> <!-- panel -->
        <div panel-name="chronological-All_Test_Suite" class="panel">
          <div class="main-panel-header rounded-window-top">
            <span class="header-content">Methods in chronological order</span>
          </div> <!-- main-panel-header rounded-window-top -->
          <div class="main-panel-content rounded-window-bottom">
            <div class="chronological-class">
              <div class="chronological-class-name">com.Tests.LoginPageTest</div> <!-- chronological-class-name -->
              <div class="configuration-suite before">
                <span class="method-name">ExtentInitiator</span>
                <span class="method-start">0 ms</span>
              </div> <!-- configuration-suite before -->
              <div class="configuration-class before">
                <span class="method-name">startsession</span>
                <span class="method-start">827 ms</span>
              </div> <!-- configuration-class before -->
              <div class="test-method">
                <span class="method-name">step01_LaunchApplication_and_skip_presentation</span>
                <span class="method-start">19557 ms</span>
              </div> <!-- test-method -->
              <div class="configuration-method after">
                <span class="method-name">getResults([TestResult name=step01_LaunchApplication_and_skip_presentation status=SUCCESS method=LoginPageTest....)</span>
                <span class="method-start">21397 ms</span>
              </div> <!-- configuration-method after -->
              <div class="test-method">
                <span class="method-name">step02_Click_Continue</span>
                <span class="method-start">21415 ms</span>
              </div> <!-- test-method -->
              <div class="configuration-method after">
                <span class="method-name">getResults([TestResult name=step02_Click_Continue status=SUCCESS method=LoginPageTest.step02_Click_Continue()[p...)</span>
                <span class="method-start">22824 ms</span>
              </div> <!-- configuration-method after -->
              <div class="test-method">
                <span class="method-name">step03_enter_your_credentials</span>
                <span class="method-start">22828 ms</span>
              </div> <!-- test-method -->
              <div class="configuration-method after">
                <span class="method-name">getResults([TestResult name=step03_enter_your_credentials status=SUCCESS method=LoginPageTest.step03_enter_your...)</span>
                <span class="method-start">26731 ms</span>
              </div> <!-- configuration-method after -->
            </div> <!-- chronological-class -->
            <div class="chronological-class">
              <div class="chronological-class-name">com.Tests.UploadSingleImageTest</div> <!-- chronological-class-name -->
              <div class="configuration-class before">
                <span class="method-name">startsession</span>
                <span class="method-start">26736 ms</span>
              </div> <!-- configuration-class before -->
              <div class="test-method">
                <span class="method-name">step01_LaunchApplication_and_skip_presentation</span>
                <span class="method-start">44548 ms</span>
              </div> <!-- test-method -->
              <div class="test-method">
                <span class="method-name">step02_Click_Continue</span>
                <span class="method-start">46608 ms</span>
              </div> <!-- test-method -->
              <div class="test-method">
                <span class="method-name">step03_enter_your_credentials</span>
                <span class="method-start">47779 ms</span>
              </div> <!-- test-method -->
              <div class="test-method">
                <span class="method-name">step04_uploadingSingleImage</span>
                <span class="method-start">51573 ms</span>
              </div> <!-- test-method -->
            </div> <!-- chronological-class -->
            <div class="chronological-class">
              <div class="chronological-class-name">com.Tests.UploadSingleVideoTest</div> <!-- chronological-class-name -->
              <div class="configuration-class before">
                <img src="failed.png">
                </img>
                <span class="method-name">startsession</span>
                <span class="method-start">62904 ms</span>
              </div> <!-- configuration-class before -->
              <div class="test-method">
                <span class="method-name">step01_LaunchApplication_and_skip_presentation</span>
                <span class="method-start">81423 ms</span>
              </div> <!-- test-method -->
              <div class="configuration-method after">
                <span class="method-name">getResults</span>
                <span class="method-start">81424 ms</span>
              </div> <!-- configuration-method after -->
              <div class="test-method">
                <span class="method-name">step02_Click_Continue</span>
                <span class="method-start">81428 ms</span>
              </div> <!-- test-method -->
              <div class="test-method">
                <span class="method-name">step03_enter_your_credentials</span>
                <span class="method-start">81430 ms</span>
              </div> <!-- test-method -->
              <div class="test-method">
                <span class="method-name">step04_uploadingSingleVideo</span>
                <span class="method-start">81432 ms</span>
              </div> <!-- test-method -->
            </div> <!-- chronological-class -->
            <div class="chronological-class">
              <div class="chronological-class-name">com.Tests.CreateFolderTest</div> <!-- chronological-class-name -->
              <div class="configuration-class before">
                <span class="method-name">startsession</span>
                <span class="method-start">81435 ms</span>
              </div> <!-- configuration-class before -->
              <div class="test-method">
                <span class="method-name">step01_LaunchApplication_and_skip_presentation</span>
                <span class="method-start">99468 ms</span>
              </div> <!-- test-method -->
              <div class="test-method">
                <span class="method-name">step02_Click_Continue</span>
                <span class="method-start">101527 ms</span>
              </div> <!-- test-method -->
              <div class="test-method">
                <span class="method-name">step03_enter_your_credentials</span>
                <span class="method-start">102965 ms</span>
              </div> <!-- test-method -->
              <div class="test-method">
                <span class="method-name">step04_createfolder</span>
                <span class="method-start">106771 ms</span>
              </div> <!-- test-method -->
              <div class="test-method">
                <img src="failed.png">
                </img>
                <span class="method-name">step05_delete_from_checkbox_selection</span>
                <span class="method-start">114079 ms</span>
              </div> <!-- test-method -->
            </div> <!-- chronological-class -->
            <div class="chronological-class">
              <div class="chronological-class-name">com.Tests.ChangeColorOfFolderTest</div> <!-- chronological-class-name -->
              <div class="configuration-class before">
                <span class="method-name">startsession</span>
                <span class="method-start">134355 ms</span>
              </div> <!-- configuration-class before -->
              <div class="test-method">
                <span class="method-name">step01_LaunchApplication_and_skip_presentation</span>
                <span class="method-start">151272 ms</span>
              </div> <!-- test-method -->
              <div class="test-method">
                <span class="method-name">step02_Click_Continue</span>
                <span class="method-start">153344 ms</span>
              </div> <!-- test-method -->
              <div class="test-method">
                <span class="method-name">step03_enter_your_credentials</span>
                <span class="method-start">154541 ms</span>
              </div> <!-- test-method -->
              <div class="test-method">
                <img src="failed.png">
                </img>
                <span class="method-name">step04_change_color_of_folder</span>
                <span class="method-start">158368 ms</span>
              </div> <!-- test-method -->
            </div> <!-- chronological-class -->
            <div class="chronological-class">
              <div class="chronological-class-name">com.Tests.LoginPageTest</div> <!-- chronological-class-name -->
              <div class="configuration-suite after">
                <span class="method-name">teardown</span>
                <span class="method-start">186272 ms</span>
              </div> <!-- configuration-suite after -->
          </div> <!-- main-panel-content rounded-window-bottom -->
        </div> <!-- panel -->
      </div> <!-- main-panel-root -->
    </div> <!-- wrapper -->
  </body>
<script type="text/javascript" src="testng-reports2.js"></script>
</html>
