<?xml version="1.0" encoding="UTF-8"?>
<testng-results ignored="2" total="22" passed="14" failed="2" skipped="4">
  <reporter-output>
  </reporter-output>
  <suite started-at="2022-08-09T19:37:52 EDT" name="All Test Suite" finished-at="2022-08-09T19:40:57 EDT" duration-ms="185509">
    <groups>
    </groups>
    <test started-at="2022-08-09T19:37:52 EDT" name="C:/Digiboxx.Appium" finished-at="2022-08-09T19:40:57 EDT" duration-ms="185509">
      <class name="com.Tests.ChangeColorOfFolderTest">
        <test-method is-config="true" signature="startsession()[pri:0, instance:com.Tests.ChangeColorOfFolderTest@6631f5ca]" started-at="2022-08-09T19:40:05 EDT" name="startsession" finished-at="2022-08-09T19:40:22 EDT" duration-ms="16915" status="PASS">
          <reporter-output>
          </reporter-output>
        </test-method> <!-- startsession -->
        <test-method signature="step01_LaunchApplication_and_skip_presentation()[pri:0, instance:com.Tests.ChangeColorOfFolderTest@6631f5ca]" started-at="2022-08-09T19:40:22 EDT" name="step01_LaunchApplication_and_skip_presentation" finished-at="2022-08-09T19:40:24 EDT" duration-ms="2071" status="PASS">
          <reporter-output>
          </reporter-output>
        </test-method> <!-- step01_LaunchApplication_and_skip_presentation -->
        <test-method signature="step02_Click_Continue()[pri:0, instance:com.Tests.ChangeColorOfFolderTest@6631f5ca]" started-at="2022-08-09T19:40:24 EDT" name="step02_Click_Continue" finished-at="2022-08-09T19:40:25 EDT" depends-on-methods="com.Tests.ChangeColorOfFolderTest.step01_LaunchApplication_and_skip_presentation" duration-ms="1195" status="PASS">
          <reporter-output>
          </reporter-output>
        </test-method> <!-- step02_Click_Continue -->
        <test-method signature="step03_enter_your_credentials()[pri:0, instance:com.Tests.ChangeColorOfFolderTest@6631f5ca]" started-at="2022-08-09T19:40:25 EDT" name="step03_enter_your_credentials" finished-at="2022-08-09T19:40:29 EDT" depends-on-methods="com.Tests.ChangeColorOfFolderTest.step02_Click_Continue" duration-ms="3825" status="PASS">
          <reporter-output>
          </reporter-output>
        </test-method> <!-- step03_enter_your_credentials -->
        <test-method signature="step04_change_color_of_folder()[pri:0, instance:com.Tests.ChangeColorOfFolderTest@6631f5ca]" started-at="2022-08-09T19:40:29 EDT" name="step04_change_color_of_folder" finished-at="2022-08-09T19:40:57 EDT" depends-on-methods="com.Tests.ChangeColorOfFolderTest.step03_enter_your_credentials" duration-ms="27827" status="FAIL">
          <exception class="org.openqa.selenium.TimeoutException">
            <message>
              <![CDATA[Expected condition failed: waiting for presence of element located by: By.xpath: (//android.widget.ImageView[@content-desc="kabab menu"])[1] (tried for 20 second(s) with 500 milliseconds interval)]]>
            </message>
            <full-stacktrace>
              <![CDATA[org.openqa.selenium.TimeoutException: Expected condition failed: waiting for presence of element located by: By.xpath: (//android.widget.ImageView[@content-desc="kabab menu"])[1] (tried for 20 second(s) with 500 milliseconds interval)
at org.openqa.selenium.support.ui.WebDriverWait.timeoutException(WebDriverWait.java:87)
at org.openqa.selenium.support.ui.FluentWait.until(FluentWait.java:231)
at com.PageObjects.GetPage.element(GetPage.java:38)
at Keywords.ChangeColorOfFolderActions.change_color_of_folder(ChangeColorOfFolderActions.java:16)
at com.Tests.ChangeColorOfFolderTest.step04_change_color_of_folder(ChangeColorOfFolderTest.java:32)
at java.base/jdk.internal.reflect.NativeMethodAccessorImpl.invoke0(Native Method)
at java.base/jdk.internal.reflect.NativeMethodAccessorImpl.invoke(NativeMethodAccessorImpl.java:62)
at java.base/jdk.internal.reflect.DelegatingMethodAccessorImpl.invoke(DelegatingMethodAccessorImpl.java:43)
at java.base/java.lang.reflect.Method.invoke(Method.java:566)
at org.testng.internal.invokers.MethodInvocationHelper.invokeMethod(MethodInvocationHelper.java:139)
at org.testng.internal.invokers.TestInvoker.invokeMethod(TestInvoker.java:677)
at org.testng.internal.invokers.TestInvoker.invokeTestMethod(TestInvoker.java:221)
at org.testng.internal.invokers.MethodRunner.runInSequence(MethodRunner.java:50)
at org.testng.internal.invokers.TestInvoker$MethodInvocationAgent.invoke(TestInvoker.java:962)
at org.testng.internal.invokers.TestInvoker.invokeTestMethods(TestInvoker.java:194)
at org.testng.internal.invokers.TestMethodWorker.invokeTestMethods(TestMethodWorker.java:148)
at org.testng.internal.invokers.TestMethodWorker.run(TestMethodWorker.java:128)
at java.base/java.util.ArrayList.forEach(ArrayList.java:1541)
at org.testng.TestRunner.privateRun(TestRunner.java:806)
at org.testng.TestRunner.run(TestRunner.java:601)
at org.testng.SuiteRunner.runTest(SuiteRunner.java:433)
at org.testng.SuiteRunner.runSequentially(SuiteRunner.java:427)
at org.testng.SuiteRunner.privateRun(SuiteRunner.java:387)
at org.testng.SuiteRunner.run(SuiteRunner.java:330)
at org.testng.SuiteRunnerWorker.runSuite(SuiteRunnerWorker.java:52)
at org.testng.SuiteRunnerWorker.run(SuiteRunnerWorker.java:95)
at org.testng.TestNG.runSuitesSequentially(TestNG.java:1256)
at org.testng.TestNG.runSuitesLocally(TestNG.java:1176)
at org.testng.TestNG.runSuites(TestNG.java:1099)
at org.testng.TestNG.run(TestNG.java:1067)
at com.intellij.rt.testng.IDEARemoteTestNG.run(IDEARemoteTestNG.java:66)
at com.intellij.rt.testng.RemoteTestNGStarter.main(RemoteTestNGStarter.java:109)
Caused by: org.openqa.selenium.NoSuchElementException: An element could not be located on the page using the given search parameters.
For documentation on this error, please visit: https://selenium.dev/exceptions/#no_such_element
Build info: version: '4.1.4', revision: '535d840ee2'
System info: host: 'DESKTOP-K3UR1P3', ip: '192.168.96.1', os.name: 'Windows 10', os.arch: 'amd64', os.version: '10.0', java.version: '11.0.15'
Driver info: io.appium.java_client.android.AndroidDriver
Command: [5dbc2e51-3145-49b7-8671-bf1c016198ef, findElement {using=xpath, value=(//android.widget.ImageView[@content-desc="kabab menu"])[1]}]
Capabilities {appium:app: C:/Users/S_Home/Downloads/a..., appium:appPackage: com.liqvd.digibox.test, appium:autoGrantPermissions: true, appium:automationName: UiAutomator2, appium:databaseEnabled: false, appium:desired: {app: C:/Users/S_Home/Downloads/a..., autoGrantPermissions: true, automationName: UiAutomator2, noRest: true, platformName: android}, appium:deviceApiLevel: 24, appium:deviceManufacturer: Google, appium:deviceModel: Android SDK built for x86, appium:deviceName: emulator-5554, appium:deviceScreenDensity: 440, appium:deviceScreenSize: 1080x2340, appium:deviceUDID: emulator-5554, appium:javascriptEnabled: true, appium:locationContextEnabled: false, appium:networkConnectionEnabled: true, appium:noRest: true, appium:pixelRatio: 2.75, appium:platformVersion: 7.0, appium:statBarHeight: 66, appium:takesScreenshot: true, appium:viewportRect: {height: 2142, left: 0, top: 66, width: 1080}, appium:warnings: {}, appium:webStorageEnabled: false, platformName: android}
Session ID: 5dbc2e51-3145-49b7-8671-bf1c016198ef
at jdk.internal.reflect.GeneratedConstructorAccessor9.newInstance(Unknown Source)
at java.base/jdk.internal.reflect.DelegatingConstructorAccessorImpl.newInstance(DelegatingConstructorAccessorImpl.java:45)
at java.base/java.lang.reflect.Constructor.newInstance(Constructor.java:490)
at org.openqa.selenium.remote.codec.w3c.W3CHttpResponseCodec.createException(W3CHttpResponseCodec.java:200)
at org.openqa.selenium.remote.codec.w3c.W3CHttpResponseCodec.decode(W3CHttpResponseCodec.java:133)
at org.openqa.selenium.remote.codec.w3c.W3CHttpResponseCodec.decode(W3CHttpResponseCodec.java:53)
at org.openqa.selenium.remote.HttpCommandExecutor.execute(HttpCommandExecutor.java:184)
at io.appium.java_client.remote.AppiumCommandExecutor.execute(AppiumCommandExecutor.java:180)
at org.openqa.selenium.remote.RemoteWebDriver.execute(RemoteWebDriver.java:567)
at org.openqa.selenium.remote.ElementLocation$ElementFinder$2.findElement(ElementLocation.java:162)
at org.openqa.selenium.remote.ElementLocation.findElement(ElementLocation.java:60)
at org.openqa.selenium.remote.RemoteWebDriver.findElement(RemoteWebDriver.java:385)
at org.openqa.selenium.remote.RemoteWebDriver.findElement(RemoteWebDriver.java:377)
at org.openqa.selenium.support.ui.ExpectedConditions$6.apply(ExpectedConditions.java:174)
at org.openqa.selenium.support.ui.ExpectedConditions$6.apply(ExpectedConditions.java:171)
at org.openqa.selenium.support.ui.FluentWait.until(FluentWait.java:208)
... 30 more
]]>
            </full-stacktrace>
          </exception> <!-- org.openqa.selenium.TimeoutException -->
          <reporter-output>
          </reporter-output>
        </test-method> <!-- step04_change_color_of_folder -->
      </class> <!-- com.Tests.ChangeColorOfFolderTest -->
      <class name="com.Tests.LoginPageTest">
        <test-method is-config="true" signature="ExtentInitiator()[pri:0, instance:com.Tests.LoginPageTest@44821a96]" started-at="2022-08-09T19:37:51 EDT" name="ExtentInitiator" finished-at="2022-08-09T19:37:52 EDT" duration-ms="681" status="PASS">
          <reporter-output>
          </reporter-output>
        </test-method> <!-- ExtentInitiator -->
        <test-method is-config="true" signature="startsession()[pri:0, instance:com.Tests.LoginPageTest@44821a96]" started-at="2022-08-09T19:37:52 EDT" name="startsession" finished-at="2022-08-09T19:38:10 EDT" duration-ms="18671" status="PASS">
          <reporter-output>
          </reporter-output>
        </test-method> <!-- startsession -->
        <test-method signature="step01_LaunchApplication_and_skip_presentation()[pri:0, instance:com.Tests.LoginPageTest@44821a96]" started-at="2022-08-09T19:38:11 EDT" name="step01_LaunchApplication_and_skip_presentation" finished-at="2022-08-09T19:38:12 EDT" duration-ms="1836" status="PASS">
          <reporter-output>
          </reporter-output>
        </test-method> <!-- step01_LaunchApplication_and_skip_presentation -->
        <test-method is-config="true" signature="getResults(org.testng.ITestResult)[pri:0, instance:com.Tests.LoginPageTest@44821a96]" started-at="2022-08-09T19:38:12 EDT" name="getResults" finished-at="2022-08-09T19:38:12 EDT" duration-ms="15" status="PASS">
          <params>
            <param index="0">
              <value>
                <![CDATA[[TestResult name=step01_LaunchApplication_and_skip_presentation status=SUCCESS method=LoginPageTest.step01_LaunchApplication_and_skip_presentation()[pri:0, instance:com.Tests.LoginPageTest@44821a96] output={null}]]]>
              </value>
            </param>
          </params>
          <reporter-output>
          </reporter-output>
        </test-method> <!-- getResults -->
        <test-method signature="step02_Click_Continue()[pri:0, instance:com.Tests.LoginPageTest@44821a96]" started-at="2022-08-09T19:38:12 EDT" name="step02_Click_Continue" finished-at="2022-08-09T19:38:14 EDT" duration-ms="1407" status="PASS">
          <reporter-output>
          </reporter-output>
        </test-method> <!-- step02_Click_Continue -->
        <test-method is-config="true" signature="getResults(org.testng.ITestResult)[pri:0, instance:com.Tests.LoginPageTest@44821a96]" started-at="2022-08-09T19:38:14 EDT" name="getResults" finished-at="2022-08-09T19:38:14 EDT" duration-ms="2" status="PASS">
          <params>
            <param index="0">
              <value>
                <![CDATA[[TestResult name=step02_Click_Continue status=SUCCESS method=LoginPageTest.step02_Click_Continue()[pri:0, instance:com.Tests.LoginPageTest@44821a96] output={null}]]]>
              </value>
            </param>
          </params>
          <reporter-output>
          </reporter-output>
        </test-method> <!-- getResults -->
        <test-method signature="step03_enter_your_credentials()[pri:0, instance:com.Tests.LoginPageTest@44821a96]" started-at="2022-08-09T19:38:14 EDT" name="step03_enter_your_credentials" finished-at="2022-08-09T19:38:18 EDT" duration-ms="3903" status="PASS">
          <reporter-output>
          </reporter-output>
        </test-method> <!-- step03_enter_your_credentials -->
        <test-method is-config="true" signature="getResults(org.testng.ITestResult)[pri:0, instance:com.Tests.LoginPageTest@44821a96]" started-at="2022-08-09T19:38:18 EDT" name="getResults" finished-at="2022-08-09T19:38:18 EDT" duration-ms="2" status="PASS">
          <params>
            <param index="0">
              <value>
                <![CDATA[[TestResult name=step03_enter_your_credentials status=SUCCESS method=LoginPageTest.step03_enter_your_credentials()[pri:0, instance:com.Tests.LoginPageTest@44821a96] output={null}]]]>
              </value>
            </param>
          </params>
          <reporter-output>
          </reporter-output>
        </test-method> <!-- getResults -->
        <test-method is-config="true" signature="teardown()[pri:0, instance:com.Tests.LoginPageTest@44821a96]" started-at="2022-08-09T19:40:57 EDT" name="teardown" finished-at="2022-08-09T19:40:58 EDT" duration-ms="639" status="PASS">
          <reporter-output>
          </reporter-output>
        </test-method> <!-- teardown -->
      </class> <!-- com.Tests.LoginPageTest -->
      <class name="com.Tests.UploadSingleVideoTest">
        <test-method is-config="true" signature="startsession()[pri:0, instance:com.Tests.UploadSingleVideoTest@2accdbb5]" started-at="2022-08-09T19:38:54 EDT" name="startsession" finished-at="2022-08-09T19:39:12 EDT" duration-ms="18509" status="FAIL">
          <exception class="java.lang.NullPointerException">
            <full-stacktrace>
              <![CDATA[java.lang.NullPointerException
at com.Tests.UploadSingleVideoTest.startsession(UploadSingleVideoTest.java:13)
at java.base/jdk.internal.reflect.NativeMethodAccessorImpl.invoke0(Native Method)
at java.base/jdk.internal.reflect.NativeMethodAccessorImpl.invoke(NativeMethodAccessorImpl.java:62)
at java.base/jdk.internal.reflect.DelegatingMethodAccessorImpl.invoke(DelegatingMethodAccessorImpl.java:43)
at java.base/java.lang.reflect.Method.invoke(Method.java:566)
at org.testng.internal.invokers.MethodInvocationHelper.invokeMethod(MethodInvocationHelper.java:139)
at org.testng.internal.invokers.MethodInvocationHelper.invokeMethodConsideringTimeout(MethodInvocationHelper.java:69)
at org.testng.internal.invokers.ConfigInvoker.invokeConfigurationMethod(ConfigInvoker.java:361)
at org.testng.internal.invokers.ConfigInvoker.invokeConfigurations(ConfigInvoker.java:296)
at org.testng.internal.invokers.TestMethodWorker.invokeBeforeClassMethods(TestMethodWorker.java:180)
at org.testng.internal.invokers.TestMethodWorker.run(TestMethodWorker.java:122)
at java.base/java.util.ArrayList.forEach(ArrayList.java:1541)
at org.testng.TestRunner.privateRun(TestRunner.java:806)
at org.testng.TestRunner.run(TestRunner.java:601)
at org.testng.SuiteRunner.runTest(SuiteRunner.java:433)
at org.testng.SuiteRunner.runSequentially(SuiteRunner.java:427)
at org.testng.SuiteRunner.privateRun(SuiteRunner.java:387)
at org.testng.SuiteRunner.run(SuiteRunner.java:330)
at org.testng.SuiteRunnerWorker.runSuite(SuiteRunnerWorker.java:52)
at org.testng.SuiteRunnerWorker.run(SuiteRunnerWorker.java:95)
at org.testng.TestNG.runSuitesSequentially(TestNG.java:1256)
at org.testng.TestNG.runSuitesLocally(TestNG.java:1176)
at org.testng.TestNG.runSuites(TestNG.java:1099)
at org.testng.TestNG.run(TestNG.java:1067)
at com.intellij.rt.testng.IDEARemoteTestNG.run(IDEARemoteTestNG.java:66)
at com.intellij.rt.testng.RemoteTestNGStarter.main(RemoteTestNGStarter.java:109)
]]>
            </full-stacktrace>
          </exception> <!-- java.lang.NullPointerException -->
          <reporter-output>
          </reporter-output>
        </test-method> <!-- startsession -->
        <test-method signature="step01_LaunchApplication_and_skip_presentation()[pri:0, instance:com.Tests.UploadSingleVideoTest@2accdbb5]" started-at="2022-08-09T19:39:12 EDT" name="step01_LaunchApplication_and_skip_presentation" finished-at="2022-08-09T19:39:12 EDT" duration-ms="0" status="SKIP">
          <exception class="java.lang.NullPointerException">
            <full-stacktrace>
              <![CDATA[java.lang.NullPointerException
at com.Tests.UploadSingleVideoTest.startsession(UploadSingleVideoTest.java:13)
at java.base/jdk.internal.reflect.NativeMethodAccessorImpl.invoke0(Native Method)
at java.base/jdk.internal.reflect.NativeMethodAccessorImpl.invoke(NativeMethodAccessorImpl.java:62)
at java.base/jdk.internal.reflect.DelegatingMethodAccessorImpl.invoke(DelegatingMethodAccessorImpl.java:43)
at java.base/java.lang.reflect.Method.invoke(Method.java:566)
at org.testng.internal.invokers.MethodInvocationHelper.invokeMethod(MethodInvocationHelper.java:139)
at org.testng.internal.invokers.MethodInvocationHelper.invokeMethodConsideringTimeout(MethodInvocationHelper.java:69)
at org.testng.internal.invokers.ConfigInvoker.invokeConfigurationMethod(ConfigInvoker.java:361)
at org.testng.internal.invokers.ConfigInvoker.invokeConfigurations(ConfigInvoker.java:296)
at org.testng.internal.invokers.TestMethodWorker.invokeBeforeClassMethods(TestMethodWorker.java:180)
at org.testng.internal.invokers.TestMethodWorker.run(TestMethodWorker.java:122)
at java.base/java.util.ArrayList.forEach(ArrayList.java:1541)
at org.testng.TestRunner.privateRun(TestRunner.java:806)
at org.testng.TestRunner.run(TestRunner.java:601)
at org.testng.SuiteRunner.runTest(SuiteRunner.java:433)
at org.testng.SuiteRunner.runSequentially(SuiteRunner.java:427)
at org.testng.SuiteRunner.privateRun(SuiteRunner.java:387)
at org.testng.SuiteRunner.run(SuiteRunner.java:330)
at org.testng.SuiteRunnerWorker.runSuite(SuiteRunnerWorker.java:52)
at org.testng.SuiteRunnerWorker.run(SuiteRunnerWorker.java:95)
at org.testng.TestNG.runSuitesSequentially(TestNG.java:1256)
at org.testng.TestNG.runSuitesLocally(TestNG.java:1176)
at org.testng.TestNG.runSuites(TestNG.java:1099)
at org.testng.TestNG.run(TestNG.java:1067)
at com.intellij.rt.testng.IDEARemoteTestNG.run(IDEARemoteTestNG.java:66)
at com.intellij.rt.testng.RemoteTestNGStarter.main(RemoteTestNGStarter.java:109)
]]>
            </full-stacktrace>
          </exception> <!-- java.lang.NullPointerException -->
          <reporter-output>
          </reporter-output>
        </test-method> <!-- step01_LaunchApplication_and_skip_presentation -->
        <test-method is-config="true" signature="getResults(org.testng.ITestResult)[pri:0, instance:com.Tests.UploadSingleVideoTest@2accdbb5]" started-at="2022-08-09T19:39:12 EDT" name="getResults" finished-at="2022-08-09T19:39:12 EDT" duration-ms="0" status="SKIP">
          <reporter-output>
          </reporter-output>
        </test-method> <!-- getResults -->
        <test-method signature="step02_Click_Continue()[pri:0, instance:com.Tests.UploadSingleVideoTest@2accdbb5]" started-at="2022-08-09T19:39:12 EDT" name="step02_Click_Continue" finished-at="2022-08-09T19:39:12 EDT" depends-on-methods="com.Tests.UploadSingleVideoTest.step01_LaunchApplication_and_skip_presentation" duration-ms="1" status="SKIP">
          <exception class="java.lang.Throwable">
            <message>
              <![CDATA[Method com.Tests.UploadSingleVideoTest.step02_Click_Continue() on instance com.Tests.UploadSingleVideoTest@2accdbb5 depends on not successfully finished methods 
[com.Tests.UploadSingleVideoTest.step01_LaunchApplication_and_skip_presentation() on instance com.Tests.UploadSingleVideoTest@2accdbb5]]]>
            </message>
            <full-stacktrace>
              <![CDATA[java.lang.Throwable: Method com.Tests.UploadSingleVideoTest.step02_Click_Continue() on instance com.Tests.UploadSingleVideoTest@2accdbb5 depends on not successfully finished methods 
[com.Tests.UploadSingleVideoTest.step01_LaunchApplication_and_skip_presentation() on instance com.Tests.UploadSingleVideoTest@2accdbb5]
at org.testng.internal.invokers.TestInvoker.invokeTestMethods(TestInvoker.java:150)
at org.testng.internal.invokers.TestMethodWorker.invokeTestMethods(TestMethodWorker.java:148)
at org.testng.internal.invokers.TestMethodWorker.run(TestMethodWorker.java:128)
at java.base/java.util.ArrayList.forEach(ArrayList.java:1541)
at org.testng.TestRunner.privateRun(TestRunner.java:806)
at org.testng.TestRunner.run(TestRunner.java:601)
at org.testng.SuiteRunner.runTest(SuiteRunner.java:433)
at org.testng.SuiteRunner.runSequentially(SuiteRunner.java:427)
at org.testng.SuiteRunner.privateRun(SuiteRunner.java:387)
at org.testng.SuiteRunner.run(SuiteRunner.java:330)
at org.testng.SuiteRunnerWorker.runSuite(SuiteRunnerWorker.java:52)
at org.testng.SuiteRunnerWorker.run(SuiteRunnerWorker.java:95)
at org.testng.TestNG.runSuitesSequentially(TestNG.java:1256)
at org.testng.TestNG.runSuitesLocally(TestNG.java:1176)
at org.testng.TestNG.runSuites(TestNG.java:1099)
at org.testng.TestNG.run(TestNG.java:1067)
at com.intellij.rt.testng.IDEARemoteTestNG.run(IDEARemoteTestNG.java:66)
at com.intellij.rt.testng.RemoteTestNGStarter.main(RemoteTestNGStarter.java:109)
]]>
            </full-stacktrace>
          </exception> <!-- java.lang.Throwable -->
          <reporter-output>
          </reporter-output>
        </test-method> <!-- step02_Click_Continue -->
        <test-method signature="step03_enter_your_credentials()[pri:0, instance:com.Tests.UploadSingleVideoTest@2accdbb5]" started-at="2022-08-09T19:39:12 EDT" name="step03_enter_your_credentials" finished-at="2022-08-09T19:39:12 EDT" depends-on-methods="com.Tests.UploadSingleVideoTest.step02_Click_Continue" duration-ms="0" status="SKIP">
          <exception class="java.lang.Throwable">
            <message>
              <![CDATA[Method com.Tests.UploadSingleVideoTest.step03_enter_your_credentials() on instance com.Tests.UploadSingleVideoTest@2accdbb5 depends on not successfully finished methods 
[com.Tests.UploadSingleVideoTest.step02_Click_Continue() on instance com.Tests.UploadSingleVideoTest@2accdbb5]]]>
            </message>
            <full-stacktrace>
              <![CDATA[java.lang.Throwable: Method com.Tests.UploadSingleVideoTest.step03_enter_your_credentials() on instance com.Tests.UploadSingleVideoTest@2accdbb5 depends on not successfully finished methods 
[com.Tests.UploadSingleVideoTest.step02_Click_Continue() on instance com.Tests.UploadSingleVideoTest@2accdbb5]
at org.testng.internal.invokers.TestInvoker.invokeTestMethods(TestInvoker.java:150)
at org.testng.internal.invokers.TestMethodWorker.invokeTestMethods(TestMethodWorker.java:148)
at org.testng.internal.invokers.TestMethodWorker.run(TestMethodWorker.java:128)
at java.base/java.util.ArrayList.forEach(ArrayList.java:1541)
at org.testng.TestRunner.privateRun(TestRunner.java:806)
at org.testng.TestRunner.run(TestRunner.java:601)
at org.testng.SuiteRunner.runTest(SuiteRunner.java:433)
at org.testng.SuiteRunner.runSequentially(SuiteRunner.java:427)
at org.testng.SuiteRunner.privateRun(SuiteRunner.java:387)
at org.testng.SuiteRunner.run(SuiteRunner.java:330)
at org.testng.SuiteRunnerWorker.runSuite(SuiteRunnerWorker.java:52)
at org.testng.SuiteRunnerWorker.run(SuiteRunnerWorker.java:95)
at org.testng.TestNG.runSuitesSequentially(TestNG.java:1256)
at org.testng.TestNG.runSuitesLocally(TestNG.java:1176)
at org.testng.TestNG.runSuites(TestNG.java:1099)
at org.testng.TestNG.run(TestNG.java:1067)
at com.intellij.rt.testng.IDEARemoteTestNG.run(IDEARemoteTestNG.java:66)
at com.intellij.rt.testng.RemoteTestNGStarter.main(RemoteTestNGStarter.java:109)
]]>
            </full-stacktrace>
          </exception> <!-- java.lang.Throwable -->
          <reporter-output>
          </reporter-output>
        </test-method> <!-- step03_enter_your_credentials -->
        <test-method signature="step04_uploadingSingleVideo()[pri:0, instance:com.Tests.UploadSingleVideoTest@2accdbb5]" started-at="2022-08-09T19:39:12 EDT" name="step04_uploadingSingleVideo" finished-at="2022-08-09T19:39:12 EDT" depends-on-methods="com.Tests.UploadSingleVideoTest.step03_enter_your_credentials" duration-ms="0" status="SKIP">
          <exception class="java.lang.Throwable">
            <message>
              <![CDATA[Method com.Tests.UploadSingleVideoTest.step04_uploadingSingleVideo() on instance com.Tests.UploadSingleVideoTest@2accdbb5 depends on not successfully finished methods 
[com.Tests.UploadSingleVideoTest.step03_enter_your_credentials() on instance com.Tests.UploadSingleVideoTest@2accdbb5]]]>
            </message>
            <full-stacktrace>
              <![CDATA[java.lang.Throwable: Method com.Tests.UploadSingleVideoTest.step04_uploadingSingleVideo() on instance com.Tests.UploadSingleVideoTest@2accdbb5 depends on not successfully finished methods 
[com.Tests.UploadSingleVideoTest.step03_enter_your_credentials() on instance com.Tests.UploadSingleVideoTest@2accdbb5]
at org.testng.internal.invokers.TestInvoker.invokeTestMethods(TestInvoker.java:150)
at org.testng.internal.invokers.TestMethodWorker.invokeTestMethods(TestMethodWorker.java:148)
at org.testng.internal.invokers.TestMethodWorker.run(TestMethodWorker.java:128)
at java.base/java.util.ArrayList.forEach(ArrayList.java:1541)
at org.testng.TestRunner.privateRun(TestRunner.java:806)
at org.testng.TestRunner.run(TestRunner.java:601)
at org.testng.SuiteRunner.runTest(SuiteRunner.java:433)
at org.testng.SuiteRunner.runSequentially(SuiteRunner.java:427)
at org.testng.SuiteRunner.privateRun(SuiteRunner.java:387)
at org.testng.SuiteRunner.run(SuiteRunner.java:330)
at org.testng.SuiteRunnerWorker.runSuite(SuiteRunnerWorker.java:52)
at org.testng.SuiteRunnerWorker.run(SuiteRunnerWorker.java:95)
at org.testng.TestNG.runSuitesSequentially(TestNG.java:1256)
at org.testng.TestNG.runSuitesLocally(TestNG.java:1176)
at org.testng.TestNG.runSuites(TestNG.java:1099)
at org.testng.TestNG.run(TestNG.java:1067)
at com.intellij.rt.testng.IDEARemoteTestNG.run(IDEARemoteTestNG.java:66)
at com.intellij.rt.testng.RemoteTestNGStarter.main(RemoteTestNGStarter.java:109)
]]>
            </full-stacktrace>
          </exception> <!-- java.lang.Throwable -->
          <reporter-output>
          </reporter-output>
        </test-method> <!-- step04_uploadingSingleVideo -->
      </class> <!-- com.Tests.UploadSingleVideoTest -->
      <class name="com.Tests.UploadSingleImageTest">
        <test-method is-config="true" signature="startsession()[pri:0, instance:com.Tests.UploadSingleImageTest@1e6454ec]" started-at="2022-08-09T19:38:18 EDT" name="startsession" finished-at="2022-08-09T19:38:35 EDT" duration-ms="17812" status="PASS">
          <reporter-output>
          </reporter-output>
        </test-method> <!-- startsession -->
        <test-method signature="step01_LaunchApplication_and_skip_presentation()[pri:0, instance:com.Tests.UploadSingleImageTest@1e6454ec]" started-at="2022-08-09T19:38:35 EDT" name="step01_LaunchApplication_and_skip_presentation" finished-at="2022-08-09T19:38:38 EDT" duration-ms="2057" status="PASS">
          <reporter-output>
          </reporter-output>
        </test-method> <!-- step01_LaunchApplication_and_skip_presentation -->
        <test-method signature="step02_Click_Continue()[pri:0, instance:com.Tests.UploadSingleImageTest@1e6454ec]" started-at="2022-08-09T19:38:38 EDT" name="step02_Click_Continue" finished-at="2022-08-09T19:38:39 EDT" depends-on-methods="com.Tests.UploadSingleImageTest.step01_LaunchApplication_and_skip_presentation" duration-ms="1170" status="PASS">
          <reporter-output>
          </reporter-output>
        </test-method> <!-- step02_Click_Continue -->
        <test-method signature="step03_enter_your_credentials()[pri:0, instance:com.Tests.UploadSingleImageTest@1e6454ec]" started-at="2022-08-09T19:38:39 EDT" name="step03_enter_your_credentials" finished-at="2022-08-09T19:38:43 EDT" depends-on-methods="com.Tests.UploadSingleImageTest.step02_Click_Continue" duration-ms="3792" status="PASS">
          <reporter-output>
          </reporter-output>
        </test-method> <!-- step03_enter_your_credentials -->
        <test-method signature="step04_uploadingSingleImage()[pri:0, instance:com.Tests.UploadSingleImageTest@1e6454ec]" started-at="2022-08-09T19:38:43 EDT" name="step04_uploadingSingleImage" finished-at="2022-08-09T19:38:54 EDT" depends-on-methods="com.Tests.UploadSingleImageTest.step03_enter_your_credentials" duration-ms="11331" status="PASS">
          <reporter-output>
          </reporter-output>
        </test-method> <!-- step04_uploadingSingleImage -->
      </class> <!-- com.Tests.UploadSingleImageTest -->
      <class name="com.Tests.CreateFolderTest">
        <test-method is-config="true" signature="startsession()[pri:0, instance:com.Tests.CreateFolderTest@b62d79]" started-at="2022-08-09T19:39:12 EDT" name="startsession" finished-at="2022-08-09T19:39:30 EDT" duration-ms="18032" status="PASS">
          <reporter-output>
          </reporter-output>
        </test-method> <!-- startsession -->
        <test-method signature="step01_LaunchApplication_and_skip_presentation()[pri:0, instance:com.Tests.CreateFolderTest@b62d79]" started-at="2022-08-09T19:39:30 EDT" name="step01_LaunchApplication_and_skip_presentation" finished-at="2022-08-09T19:39:32 EDT" duration-ms="2058" status="PASS">
          <reporter-output>
          </reporter-output>
        </test-method> <!-- step01_LaunchApplication_and_skip_presentation -->
        <test-method signature="step02_Click_Continue()[pri:0, instance:com.Tests.CreateFolderTest@b62d79]" started-at="2022-08-09T19:39:32 EDT" name="step02_Click_Continue" finished-at="2022-08-09T19:39:34 EDT" depends-on-methods="com.Tests.CreateFolderTest.step01_LaunchApplication_and_skip_presentation" duration-ms="1437" status="PASS">
          <reporter-output>
          </reporter-output>
        </test-method> <!-- step02_Click_Continue -->
        <test-method signature="step03_enter_your_credentials()[pri:0, instance:com.Tests.CreateFolderTest@b62d79]" started-at="2022-08-09T19:39:34 EDT" name="step03_enter_your_credentials" finished-at="2022-08-09T19:39:38 EDT" depends-on-methods="com.Tests.CreateFolderTest.step02_Click_Continue" duration-ms="3805" status="PASS">
          <reporter-output>
          </reporter-output>
        </test-method> <!-- step03_enter_your_credentials -->
        <test-method signature="step04_createfolder()[pri:0, instance:com.Tests.CreateFolderTest@b62d79]" started-at="2022-08-09T19:39:38 EDT" name="step04_createfolder" finished-at="2022-08-09T19:39:45 EDT" depends-on-methods="com.Tests.CreateFolderTest.step03_enter_your_credentials" duration-ms="7306" status="PASS">
          <reporter-output>
          </reporter-output>
        </test-method> <!-- step04_createfolder -->
        <test-method signature="step05_delete_from_checkbox_selection()[pri:0, instance:com.Tests.CreateFolderTest@b62d79]" started-at="2022-08-09T19:39:45 EDT" name="step05_delete_from_checkbox_selection" finished-at="2022-08-09T19:40:05 EDT" depends-on-methods="com.Tests.CreateFolderTest.step04_createfolder" duration-ms="20271" status="FAIL">
          <exception class="org.openqa.selenium.TimeoutException">
            <message>
              <![CDATA[Expected condition failed: waiting for presence of element located by: By.id: com.liqvd.digibox.test:id/home (tried for 20 second(s) with 500 milliseconds interval)]]>
            </message>
            <full-stacktrace>
              <![CDATA[org.openqa.selenium.TimeoutException: Expected condition failed: waiting for presence of element located by: By.id: com.liqvd.digibox.test:id/home (tried for 20 second(s) with 500 milliseconds interval)
at org.openqa.selenium.support.ui.WebDriverWait.timeoutException(WebDriverWait.java:87)
at org.openqa.selenium.support.ui.FluentWait.until(FluentWait.java:231)
at com.PageObjects.GetPage.element(GetPage.java:38)
at Keywords.DeleteFromCheckboxSelectionActions.delete_from_checkbox_selection(DeleteFromCheckboxSelectionActions.java:12)
at com.Tests.CreateFolderTest.step05_delete_from_checkbox_selection(CreateFolderTest.java:38)
at java.base/jdk.internal.reflect.NativeMethodAccessorImpl.invoke0(Native Method)
at java.base/jdk.internal.reflect.NativeMethodAccessorImpl.invoke(NativeMethodAccessorImpl.java:62)
at java.base/jdk.internal.reflect.DelegatingMethodAccessorImpl.invoke(DelegatingMethodAccessorImpl.java:43)
at java.base/java.lang.reflect.Method.invoke(Method.java:566)
at org.testng.internal.invokers.MethodInvocationHelper.invokeMethod(MethodInvocationHelper.java:139)
at org.testng.internal.invokers.TestInvoker.invokeMethod(TestInvoker.java:677)
at org.testng.internal.invokers.TestInvoker.invokeTestMethod(TestInvoker.java:221)
at org.testng.internal.invokers.MethodRunner.runInSequence(MethodRunner.java:50)
at org.testng.internal.invokers.TestInvoker$MethodInvocationAgent.invoke(TestInvoker.java:962)
at org.testng.internal.invokers.TestInvoker.invokeTestMethods(TestInvoker.java:194)
at org.testng.internal.invokers.TestMethodWorker.invokeTestMethods(TestMethodWorker.java:148)
at org.testng.internal.invokers.TestMethodWorker.run(TestMethodWorker.java:128)
at java.base/java.util.ArrayList.forEach(ArrayList.java:1541)
at org.testng.TestRunner.privateRun(TestRunner.java:806)
at org.testng.TestRunner.run(TestRunner.java:601)
at org.testng.SuiteRunner.runTest(SuiteRunner.java:433)
at org.testng.SuiteRunner.runSequentially(SuiteRunner.java:427)
at org.testng.SuiteRunner.privateRun(SuiteRunner.java:387)
at org.testng.SuiteRunner.run(SuiteRunner.java:330)
at org.testng.SuiteRunnerWorker.runSuite(SuiteRunnerWorker.java:52)
at org.testng.SuiteRunnerWorker.run(SuiteRunnerWorker.java:95)
at org.testng.TestNG.runSuitesSequentially(TestNG.java:1256)
at org.testng.TestNG.runSuitesLocally(TestNG.java:1176)
at org.testng.TestNG.runSuites(TestNG.java:1099)
at org.testng.TestNG.run(TestNG.java:1067)
at com.intellij.rt.testng.IDEARemoteTestNG.run(IDEARemoteTestNG.java:66)
at com.intellij.rt.testng.RemoteTestNGStarter.main(RemoteTestNGStarter.java:109)
Caused by: org.openqa.selenium.NoSuchElementException: An element could not be located on the page using the given search parameters.
For documentation on this error, please visit: https://selenium.dev/exceptions/#no_such_element
Build info: version: '4.1.4', revision: '535d840ee2'
System info: host: 'DESKTOP-K3UR1P3', ip: '192.168.96.1', os.name: 'Windows 10', os.arch: 'amd64', os.version: '10.0', java.version: '11.0.15'
Driver info: io.appium.java_client.android.AndroidDriver
Command: [c528d79e-9828-47aa-a9e6-d0a7f459ded0, findElement {using=id, value=com.liqvd.digibox.test:id/home}]
Capabilities {appium:app: C:/Users/S_Home/Downloads/a..., appium:appPackage: com.liqvd.digibox.test, appium:autoGrantPermissions: true, appium:automationName: UiAutomator2, appium:databaseEnabled: false, appium:desired: {app: C:/Users/S_Home/Downloads/a..., autoGrantPermissions: true, automationName: UiAutomator2, noRest: true, platformName: android}, appium:deviceApiLevel: 24, appium:deviceManufacturer: Google, appium:deviceModel: Android SDK built for x86, appium:deviceName: emulator-5554, appium:deviceScreenDensity: 440, appium:deviceScreenSize: 1080x2340, appium:deviceUDID: emulator-5554, appium:javascriptEnabled: true, appium:locationContextEnabled: false, appium:networkConnectionEnabled: true, appium:noRest: true, appium:pixelRatio: 2.75, appium:platformVersion: 7.0, appium:statBarHeight: 66, appium:takesScreenshot: true, appium:viewportRect: {height: 2142, left: 0, top: 66, width: 1080}, appium:warnings: {}, appium:webStorageEnabled: false, platformName: android}
Session ID: c528d79e-9828-47aa-a9e6-d0a7f459ded0
at jdk.internal.reflect.GeneratedConstructorAccessor9.newInstance(Unknown Source)
at java.base/jdk.internal.reflect.DelegatingConstructorAccessorImpl.newInstance(DelegatingConstructorAccessorImpl.java:45)
at java.base/java.lang.reflect.Constructor.newInstance(Constructor.java:490)
at org.openqa.selenium.remote.codec.w3c.W3CHttpResponseCodec.createException(W3CHttpResponseCodec.java:200)
at org.openqa.selenium.remote.codec.w3c.W3CHttpResponseCodec.decode(W3CHttpResponseCodec.java:133)
at org.openqa.selenium.remote.codec.w3c.W3CHttpResponseCodec.decode(W3CHttpResponseCodec.java:53)
at org.openqa.selenium.remote.HttpCommandExecutor.execute(HttpCommandExecutor.java:184)
at io.appium.java_client.remote.AppiumCommandExecutor.execute(AppiumCommandExecutor.java:180)
at org.openqa.selenium.remote.RemoteWebDriver.execute(RemoteWebDriver.java:567)
at org.openqa.selenium.remote.ElementLocation$ElementFinder$2.findElement(ElementLocation.java:162)
at org.openqa.selenium.remote.ElementLocation.findElement(ElementLocation.java:60)
at org.openqa.selenium.remote.RemoteWebDriver.findElement(RemoteWebDriver.java:385)
at org.openqa.selenium.remote.RemoteWebDriver.findElement(RemoteWebDriver.java:377)
at org.openqa.selenium.support.ui.ExpectedConditions$6.apply(ExpectedConditions.java:174)
at org.openqa.selenium.support.ui.ExpectedConditions$6.apply(ExpectedConditions.java:171)
at org.openqa.selenium.support.ui.FluentWait.until(FluentWait.java:208)
... 30 more
]]>
            </full-stacktrace>
          </exception> <!-- org.openqa.selenium.TimeoutException -->
          <reporter-output>
          </reporter-output>
        </test-method> <!-- step05_delete_from_checkbox_selection -->
      </class> <!-- com.Tests.CreateFolderTest -->
    </test> <!-- C:/Digiboxx.Appium -->
  </suite> <!-- All Test Suite -->
</testng-results>
